This is pdfTeX, Version 3.141592653-2.6-1.40.26 (TeX Live 2024/Arch Linux) (preloaded format=pdflatex 2024.10.6)  10 NOV 2024 22:53
entering extended mode
 restricted \write18 enabled.
 file:line:error style messages enabled.
 %&-line parsing enabled.
**/home/alexis/Desktop/VSCode/LatexProjects/Cours/Fiches_cours/Fiche_Economie/main.tex
(/home/alexis/Desktop/VSCode/LatexProjects/Cours/Fiches_cours/Fiche_Economie/main.tex
LaTeX2e <2023-11-01> patch level 1
L3 programming layer <2024-02-20>
(/usr/share/texmf-dist/tex/latex/base/report.cls
Document Class: report 2023/05/17 v1.4n Standard LaTeX document class
(/usr/share/texmf-dist/tex/latex/base/size10.clo
File: size10.clo 2023/05/17 v1.4n Standard LaTeX file (size option)
)
\c@part=\count188
\c@chapter=\count189
\c@section=\count190
\c@subsection=\count191
\c@subsubsection=\count192
\c@paragraph=\count193
\c@subparagraph=\count194
\c@figure=\count195
\c@table=\count196
\abovecaptionskip=\skip48
\belowcaptionskip=\skip49
\bibindent=\dimen140
) (/usr/share/texmf-dist/tex/generic/babel/babel.sty
Package: babel 2024/02/07 v24.2 The Babel package
\babel@savecnt=\count197
\U@D=\dimen141
\l@unhyphenated=\language89
 (/usr/share/texmf-dist/tex/generic/babel/txtbabel.def)
\bbl@readstream=\read2
\bbl@dirlevel=\count198
 (/usr/share/texmf-dist/tex/generic/babel-french/french.ldf
Language: french 2024-02-29 v3.5s French support from the babel system
Package babel Info: Hyphen rules for 'acadian' set to \l@french
(babel)             (\language50). Reported on input line 91.
Package babel Info: Hyphen rules for 'canadien' set to \l@french
(babel)             (\language50). Reported on input line 92.
\FB@stdchar=\count199
Package babel Info: Making : an active character on input line 420.
Package babel Info: Making ; an active character on input line 421.
Package babel Info: Making ! an active character on input line 422.
Package babel Info: Making ? an active character on input line 423.
\FBguill@level=\count266
\FBold@everypar=\toks17
\FB@Mht=\dimen142
\mc@charclass=\count267
\mc@charfam=\count268
\mc@charslot=\count269
\std@mcc=\count270
\dec@mcc=\count271
\FB@parskip=\dimen143
\listindentFB=\dimen144
\descindentFB=\dimen145
\labelindentFB=\dimen146
\labelwidthFB=\dimen147
\leftmarginFB=\dimen148
\parindentFFN=\dimen149
\FBfnindent=\dimen150
)) (/usr/share/texmf-dist/tex/generic/babel/locale/fr/babel-french.tex
Package babel Info: Importing font and identification data for french
(babel)             from babel-fr.ini. Reported on input line 11.
) (/usr/share/texmf-dist/tex/latex/carlisle/scalefnt.sty) (/usr/share/texmf-dist/tex/latex/graphics/keyval.sty
Package: keyval 2022/05/29 v1.15 key=value parser (DPC)
\KV@toks@=\toks18
) (/usr/share/texmf-dist/tex/latex/hyperref/hyperref.sty
Package: hyperref 2024-01-20 v7.01h Hypertext links for LaTeX
 (/usr/share/texmf-dist/tex/generic/iftex/iftex.sty
Package: iftex 2022/02/03 v1.0f TeX engine tests
) (/usr/share/texmf-dist/tex/latex/kvsetkeys/kvsetkeys.sty
Package: kvsetkeys 2022-10-05 v1.19 Key value parser (HO)
) (/usr/share/texmf-dist/tex/generic/kvdefinekeys/kvdefinekeys.sty
Package: kvdefinekeys 2019-12-19 v1.6 Define keys (HO)
) (/usr/share/texmf-dist/tex/generic/pdfescape/pdfescape.sty
Package: pdfescape 2019/12/09 v1.15 Implements pdfTeX's escape features (HO)
 (/usr/share/texmf-dist/tex/generic/ltxcmds/ltxcmds.sty
Package: ltxcmds 2023-12-04 v1.26 LaTeX kernel commands for general use (HO)
) (/usr/share/texmf-dist/tex/generic/pdftexcmds/pdftexcmds.sty
Package: pdftexcmds 2020-06-27 v0.33 Utility functions of pdfTeX for LuaTeX (HO)
 (/usr/share/texmf-dist/tex/generic/infwarerr/infwarerr.sty
Package: infwarerr 2019/12/03 v1.5 Providing info/warning/error messages (HO)
)
Package pdftexcmds Info: \pdf@primitive is available.
Package pdftexcmds Info: \pdf@ifprimitive is available.
Package pdftexcmds Info: \pdfdraftmode found.
)) (/usr/share/texmf-dist/tex/latex/hycolor/hycolor.sty
Package: hycolor 2020-01-27 v1.10 Color options for hyperref/bookmark (HO)
) (/usr/share/texmf-dist/tex/latex/auxhook/auxhook.sty
Package: auxhook 2019-12-17 v1.6 Hooks for auxiliary files (HO)
) (/usr/share/texmf-dist/tex/latex/hyperref/nameref.sty
Package: nameref 2023-11-26 v2.56 Cross-referencing by name of section
 (/usr/share/texmf-dist/tex/latex/refcount/refcount.sty
Package: refcount 2019/12/15 v3.6 Data extraction from label references (HO)
) (/usr/share/texmf-dist/tex/generic/gettitlestring/gettitlestring.sty
Package: gettitlestring 2019/12/15 v1.6 Cleanup title references (HO)
 (/usr/share/texmf-dist/tex/latex/kvoptions/kvoptions.sty
Package: kvoptions 2022-06-15 v3.15 Key value format for package options (HO)
))
\c@section@level=\count272
) (/usr/share/texmf-dist/tex/latex/etoolbox/etoolbox.sty
Package: etoolbox 2020/10/05 v2.5k e-TeX tools for LaTeX (JAW)
\etb@tempcnta=\count273
)
\@linkdim=\dimen151
\Hy@linkcounter=\count274
\Hy@pagecounter=\count275
 (/usr/share/texmf-dist/tex/latex/hyperref/pd1enc.def
File: pd1enc.def 2024-01-20 v7.01h Hyperref: PDFDocEncoding definition (HO)
Now handling font encoding PD1 ...
... no UTF-8 mapping file for font encoding PD1
) (/usr/share/texmf-dist/tex/generic/intcalc/intcalc.sty
Package: intcalc 2019/12/15 v1.3 Expandable calculations with integers (HO)
)
\Hy@SavedSpaceFactor=\count276
 (/usr/share/texmf-dist/tex/latex/hyperref/puenc.def
File: puenc.def 2024-01-20 v7.01h Hyperref: PDF Unicode definition (HO)
Now handling font encoding PU ...
... no UTF-8 mapping file for font encoding PU
)
Package hyperref Info: Hyper figures OFF on input line 4179.
Package hyperref Info: Link nesting OFF on input line 4184.
Package hyperref Info: Hyper index ON on input line 4187.
Package hyperref Info: Plain pages OFF on input line 4194.
Package hyperref Info: Backreferencing OFF on input line 4199.
Package hyperref Info: Implicit mode ON; LaTeX internals redefined.
Package hyperref Info: Bookmarks ON on input line 4446.
\c@Hy@tempcnt=\count277
 (/usr/share/texmf-dist/tex/latex/url/url.sty
\Urlmuskip=\muskip16
Package: url 2013/09/16  ver 3.4  Verb mode for urls, etc.
)
LaTeX Info: Redefining \url on input line 4784.
\XeTeXLinkMargin=\dimen152
 (/usr/share/texmf-dist/tex/generic/bitset/bitset.sty
Package: bitset 2019/12/09 v1.3 Handle bit-vector datatype (HO)
 (/usr/share/texmf-dist/tex/generic/bigintcalc/bigintcalc.sty
Package: bigintcalc 2019/12/15 v1.5 Expandable calculations on big integers (HO)
))
\Fld@menulength=\count278
\Field@Width=\dimen153
\Fld@charsize=\dimen154
Package hyperref Info: Hyper figures OFF on input line 6063.
Package hyperref Info: Link nesting OFF on input line 6068.
Package hyperref Info: Hyper index ON on input line 6071.
Package hyperref Info: backreferencing OFF on input line 6078.
Package hyperref Info: Link coloring OFF on input line 6083.
Package hyperref Info: Link coloring with OCG OFF on input line 6088.
Package hyperref Info: PDF/A mode OFF on input line 6093.
 (/usr/share/texmf-dist/tex/latex/base/atbegshi-ltx.sty
Package: atbegshi-ltx 2021/01/10 v1.0c Emulation of the original atbegshi
package with kernel methods
)
\Hy@abspage=\count279
\c@Item=\count280
\c@Hfootnote=\count281
)
Package hyperref Info: Driver (autodetected): hpdftex.
 (/usr/share/texmf-dist/tex/latex/hyperref/hpdftex.def
File: hpdftex.def 2024-01-20 v7.01h Hyperref driver for pdfTeX
 (/usr/share/texmf-dist/tex/latex/base/atveryend-ltx.sty
Package: atveryend-ltx 2020/08/19 v1.0a Emulation of the original atveryend package
with kernel methods
)
\Fld@listcount=\count282
\c@bookmark@seq@number=\count283
 (/usr/share/texmf-dist/tex/latex/rerunfilecheck/rerunfilecheck.sty
Package: rerunfilecheck 2022-07-10 v1.10 Rerun checks for auxiliary files (HO)
 (/usr/share/texmf-dist/tex/generic/uniquecounter/uniquecounter.sty
Package: uniquecounter 2019/12/15 v1.4 Provide unlimited unique counter (HO)
)
Package uniquecounter Info: New unique counter `rerunfilecheck' on input line 285.
)
\Hy@SectionHShift=\skip50
) (/usr/share/texmf-dist/tex/latex/graphics/graphicx.sty
Package: graphicx 2021/09/16 v1.2d Enhanced LaTeX Graphics (DPC,SPQR)
 (/usr/share/texmf-dist/tex/latex/graphics/graphics.sty
Package: graphics 2022/03/10 v1.4e Standard LaTeX Graphics (DPC,SPQR)
 (/usr/share/texmf-dist/tex/latex/graphics/trig.sty
Package: trig 2021/08/11 v1.11 sin cos tan (DPC)
) (/usr/share/texmf-dist/tex/latex/graphics-cfg/graphics.cfg
File: graphics.cfg 2016/06/04 v1.11 sample graphics configuration
)
Package graphics Info: Driver file: pdftex.def on input line 107.
 (/usr/share/texmf-dist/tex/latex/graphics-def/pdftex.def
File: pdftex.def 2022/09/22 v1.2b Graphics/color driver for pdftex
))
\Gin@req@height=\dimen155
\Gin@req@width=\dimen156
) (/usr/share/texmf-dist/tex/latex/tabto-ltx/tabto.sty
Package: tabto 2018/12/28  v 1.4  Another tabbing mechanism
\CurrentLineWidth=\dimen157
\TabPrevPos=\dimen158
) (/usr/share/texmf-dist/tex/latex/xcolor/xcolor.sty
Package: xcolor 2023/11/15 v3.01 LaTeX color extensions (UK)
 (/usr/share/texmf-dist/tex/latex/graphics-cfg/color.cfg
File: color.cfg 2016/01/02 v1.6 sample color configuration
)
Package xcolor Info: Driver file: pdftex.def on input line 274.
 (/usr/share/texmf-dist/tex/latex/graphics/mathcolor.ltx)
Package xcolor Info: Model `cmy' substituted by `cmy0' on input line 1350.
Package xcolor Info: Model `hsb' substituted by `rgb' on input line 1354.
Package xcolor Info: Model `RGB' extended on input line 1366.
Package xcolor Info: Model `HTML' substituted by `rgb' on input line 1368.
Package xcolor Info: Model `Hsb' substituted by `hsb' on input line 1369.
Package xcolor Info: Model `tHsb' substituted by `hsb' on input line 1370.
Package xcolor Info: Model `HSB' substituted by `hsb' on input line 1371.
Package xcolor Info: Model `Gray' substituted by `gray' on input line 1372.
Package xcolor Info: Model `wave' substituted by `hsb' on input line 1373.
) (/usr/share/texmf-dist/tex/latex/graphics/dvipsnam.def
File: dvipsnam.def 2016/06/17 v3.0m Driver-dependent file (DPC,SPQR)
) (/usr/share/texmf-dist/tex/latex/pgf/frontendlayer/tikz.sty (/usr/share/texmf-dist/tex/latex/pgf/basiclayer/pgf.sty (/usr/share/texmf-dist/tex/latex/pgf/utilities/pgfrcs.sty (/usr/share/texmf-dist/tex/generic/pgf/utilities/pgfutil-common.tex
\pgfutil@everybye=\toks19
\pgfutil@tempdima=\dimen159
\pgfutil@tempdimb=\dimen160
) (/usr/share/texmf-dist/tex/generic/pgf/utilities/pgfutil-latex.def
\pgfutil@abb=\box51
) (/usr/share/texmf-dist/tex/generic/pgf/utilities/pgfrcs.code.tex (/usr/share/texmf-dist/tex/generic/pgf/pgf.revision.tex)
Package: pgfrcs 2023-01-15 v3.1.10 (3.1.10)
))
Package: pgf 2023-01-15 v3.1.10 (3.1.10)
 (/usr/share/texmf-dist/tex/latex/pgf/basiclayer/pgfcore.sty (/usr/share/texmf-dist/tex/latex/pgf/systemlayer/pgfsys.sty (/usr/share/texmf-dist/tex/generic/pgf/systemlayer/pgfsys.code.tex
Package: pgfsys 2023-01-15 v3.1.10 (3.1.10)
 (/usr/share/texmf-dist/tex/generic/pgf/utilities/pgfkeys.code.tex
\pgfkeys@pathtoks=\toks20
\pgfkeys@temptoks=\toks21
 (/usr/share/texmf-dist/tex/generic/pgf/utilities/pgfkeyslibraryfiltered.code.tex
\pgfkeys@tmptoks=\toks22
))
\pgf@x=\dimen161
\pgf@y=\dimen162
\pgf@xa=\dimen163
\pgf@ya=\dimen164
\pgf@xb=\dimen165
\pgf@yb=\dimen166
\pgf@xc=\dimen167
\pgf@yc=\dimen168
\pgf@xd=\dimen169
\pgf@yd=\dimen170
\w@pgf@writea=\write3
\r@pgf@reada=\read3
\c@pgf@counta=\count284
\c@pgf@countb=\count285
\c@pgf@countc=\count286
\c@pgf@countd=\count287
\t@pgf@toka=\toks23
\t@pgf@tokb=\toks24
\t@pgf@tokc=\toks25
\pgf@sys@id@count=\count288
 (/usr/share/texmf-dist/tex/generic/pgf/systemlayer/pgf.cfg
File: pgf.cfg 2023-01-15 v3.1.10 (3.1.10)
)
Driver file for pgf: pgfsys-pdftex.def
 (/usr/share/texmf-dist/tex/generic/pgf/systemlayer/pgfsys-pdftex.def
File: pgfsys-pdftex.def 2023-01-15 v3.1.10 (3.1.10)
 (/usr/share/texmf-dist/tex/generic/pgf/systemlayer/pgfsys-common-pdf.def
File: pgfsys-common-pdf.def 2023-01-15 v3.1.10 (3.1.10)
))) (/usr/share/texmf-dist/tex/generic/pgf/systemlayer/pgfsyssoftpath.code.tex
File: pgfsyssoftpath.code.tex 2023-01-15 v3.1.10 (3.1.10)
\pgfsyssoftpath@smallbuffer@items=\count289
\pgfsyssoftpath@bigbuffer@items=\count290
) (/usr/share/texmf-dist/tex/generic/pgf/systemlayer/pgfsysprotocol.code.tex
File: pgfsysprotocol.code.tex 2023-01-15 v3.1.10 (3.1.10)
)) (/usr/share/texmf-dist/tex/generic/pgf/basiclayer/pgfcore.code.tex
Package: pgfcore 2023-01-15 v3.1.10 (3.1.10)
 (/usr/share/texmf-dist/tex/generic/pgf/math/pgfmath.code.tex (/usr/share/texmf-dist/tex/generic/pgf/math/pgfmathutil.code.tex) (/usr/share/texmf-dist/tex/generic/pgf/math/pgfmathparser.code.tex
\pgfmath@dimen=\dimen171
\pgfmath@count=\count291
\pgfmath@box=\box52
\pgfmath@toks=\toks26
\pgfmath@stack@operand=\toks27
\pgfmath@stack@operation=\toks28
) (/usr/share/texmf-dist/tex/generic/pgf/math/pgfmathfunctions.code.tex) (/usr/share/texmf-dist/tex/generic/pgf/math/pgfmathfunctions.basic.code.tex) (/usr/share/texmf-dist/tex/generic/pgf/math/pgfmathfunctions.trigonometric.code.tex) (/usr/share/texmf-dist/tex/generic/pgf/math/pgfmathfunctions.random.code.tex) (/usr/share/texmf-dist/tex/generic/pgf/math/pgfmathfunctions.comparison.code.tex) (/usr/share/texmf-dist/tex/generic/pgf/math/pgfmathfunctions.base.code.tex) (/usr/share/texmf-dist/tex/generic/pgf/math/pgfmathfunctions.round.code.tex) (/usr/share/texmf-dist/tex/generic/pgf/math/pgfmathfunctions.misc.code.tex) (/usr/share/texmf-dist/tex/generic/pgf/math/pgfmathfunctions.integerarithmetics.code.tex) (/usr/share/texmf-dist/tex/generic/pgf/math/pgfmathcalc.code.tex) (/usr/share/texmf-dist/tex/generic/pgf/math/pgfmathfloat.code.tex
\c@pgfmathroundto@lastzeros=\count292
)) (/usr/share/texmf-dist/tex/generic/pgf/math/pgfint.code.tex) (/usr/share/texmf-dist/tex/generic/pgf/basiclayer/pgfcorepoints.code.tex
File: pgfcorepoints.code.tex 2023-01-15 v3.1.10 (3.1.10)
\pgf@picminx=\dimen172
\pgf@picmaxx=\dimen173
\pgf@picminy=\dimen174
\pgf@picmaxy=\dimen175
\pgf@pathminx=\dimen176
\pgf@pathmaxx=\dimen177
\pgf@pathminy=\dimen178
\pgf@pathmaxy=\dimen179
\pgf@xx=\dimen180
\pgf@xy=\dimen181
\pgf@yx=\dimen182
\pgf@yy=\dimen183
\pgf@zx=\dimen184
\pgf@zy=\dimen185
) (/usr/share/texmf-dist/tex/generic/pgf/basiclayer/pgfcorepathconstruct.code.tex
File: pgfcorepathconstruct.code.tex 2023-01-15 v3.1.10 (3.1.10)
\pgf@path@lastx=\dimen186
\pgf@path@lasty=\dimen187
) (/usr/share/texmf-dist/tex/generic/pgf/basiclayer/pgfcorepathusage.code.tex
File: pgfcorepathusage.code.tex 2023-01-15 v3.1.10 (3.1.10)
\pgf@shorten@end@additional=\dimen188
\pgf@shorten@start@additional=\dimen189
) (/usr/share/texmf-dist/tex/generic/pgf/basiclayer/pgfcorescopes.code.tex
File: pgfcorescopes.code.tex 2023-01-15 v3.1.10 (3.1.10)
\pgfpic=\box53
\pgf@hbox=\box54
\pgf@layerbox@main=\box55
\pgf@picture@serial@count=\count293
) (/usr/share/texmf-dist/tex/generic/pgf/basiclayer/pgfcoregraphicstate.code.tex
File: pgfcoregraphicstate.code.tex 2023-01-15 v3.1.10 (3.1.10)
\pgflinewidth=\dimen190
) (/usr/share/texmf-dist/tex/generic/pgf/basiclayer/pgfcoretransformations.code.tex
File: pgfcoretransformations.code.tex 2023-01-15 v3.1.10 (3.1.10)
\pgf@pt@x=\dimen191
\pgf@pt@y=\dimen192
\pgf@pt@temp=\dimen193
) (/usr/share/texmf-dist/tex/generic/pgf/basiclayer/pgfcorequick.code.tex
File: pgfcorequick.code.tex 2023-01-15 v3.1.10 (3.1.10)
) (/usr/share/texmf-dist/tex/generic/pgf/basiclayer/pgfcoreobjects.code.tex
File: pgfcoreobjects.code.tex 2023-01-15 v3.1.10 (3.1.10)
) (/usr/share/texmf-dist/tex/generic/pgf/basiclayer/pgfcorepathprocessing.code.tex
File: pgfcorepathprocessing.code.tex 2023-01-15 v3.1.10 (3.1.10)
) (/usr/share/texmf-dist/tex/generic/pgf/basiclayer/pgfcorearrows.code.tex
File: pgfcorearrows.code.tex 2023-01-15 v3.1.10 (3.1.10)
\pgfarrowsep=\dimen194
) (/usr/share/texmf-dist/tex/generic/pgf/basiclayer/pgfcoreshade.code.tex
File: pgfcoreshade.code.tex 2023-01-15 v3.1.10 (3.1.10)
\pgf@max=\dimen195
\pgf@sys@shading@range@num=\count294
\pgf@shadingcount=\count295
) (/usr/share/texmf-dist/tex/generic/pgf/basiclayer/pgfcoreimage.code.tex
File: pgfcoreimage.code.tex 2023-01-15 v3.1.10 (3.1.10)
) (/usr/share/texmf-dist/tex/generic/pgf/basiclayer/pgfcoreexternal.code.tex
File: pgfcoreexternal.code.tex 2023-01-15 v3.1.10 (3.1.10)
\pgfexternal@startupbox=\box56
) (/usr/share/texmf-dist/tex/generic/pgf/basiclayer/pgfcorelayers.code.tex
File: pgfcorelayers.code.tex 2023-01-15 v3.1.10 (3.1.10)
) (/usr/share/texmf-dist/tex/generic/pgf/basiclayer/pgfcoretransparency.code.tex
File: pgfcoretransparency.code.tex 2023-01-15 v3.1.10 (3.1.10)
) (/usr/share/texmf-dist/tex/generic/pgf/basiclayer/pgfcorepatterns.code.tex
File: pgfcorepatterns.code.tex 2023-01-15 v3.1.10 (3.1.10)
) (/usr/share/texmf-dist/tex/generic/pgf/basiclayer/pgfcorerdf.code.tex
File: pgfcorerdf.code.tex 2023-01-15 v3.1.10 (3.1.10)
))) (/usr/share/texmf-dist/tex/generic/pgf/modules/pgfmoduleshapes.code.tex
File: pgfmoduleshapes.code.tex 2023-01-15 v3.1.10 (3.1.10)
\pgfnodeparttextbox=\box57
) (/usr/share/texmf-dist/tex/generic/pgf/modules/pgfmoduleplot.code.tex
File: pgfmoduleplot.code.tex 2023-01-15 v3.1.10 (3.1.10)
) (/usr/share/texmf-dist/tex/latex/pgf/compatibility/pgfcomp-version-0-65.sty
Package: pgfcomp-version-0-65 2023-01-15 v3.1.10 (3.1.10)
\pgf@nodesepstart=\dimen196
\pgf@nodesepend=\dimen197
) (/usr/share/texmf-dist/tex/latex/pgf/compatibility/pgfcomp-version-1-18.sty
Package: pgfcomp-version-1-18 2023-01-15 v3.1.10 (3.1.10)
)) (/usr/share/texmf-dist/tex/latex/pgf/utilities/pgffor.sty (/usr/share/texmf-dist/tex/latex/pgf/utilities/pgfkeys.sty (/usr/share/texmf-dist/tex/generic/pgf/utilities/pgfkeys.code.tex)) (/usr/share/texmf-dist/tex/latex/pgf/math/pgfmath.sty (/usr/share/texmf-dist/tex/generic/pgf/math/pgfmath.code.tex)) (/usr/share/texmf-dist/tex/generic/pgf/utilities/pgffor.code.tex
Package: pgffor 2023-01-15 v3.1.10 (3.1.10)
\pgffor@iter=\dimen198
\pgffor@skip=\dimen199
\pgffor@stack=\toks29
\pgffor@toks=\toks30
)) (/usr/share/texmf-dist/tex/generic/pgf/frontendlayer/tikz/tikz.code.tex
Package: tikz 2023-01-15 v3.1.10 (3.1.10)
 (/usr/share/texmf-dist/tex/generic/pgf/libraries/pgflibraryplothandlers.code.tex
File: pgflibraryplothandlers.code.tex 2023-01-15 v3.1.10 (3.1.10)
\pgf@plot@mark@count=\count296
\pgfplotmarksize=\dimen256
)
\tikz@lastx=\dimen257
\tikz@lasty=\dimen258
\tikz@lastxsaved=\dimen259
\tikz@lastysaved=\dimen260
\tikz@lastmovetox=\dimen261
\tikz@lastmovetoy=\dimen262
\tikzleveldistance=\dimen263
\tikzsiblingdistance=\dimen264
\tikz@figbox=\box58
\tikz@figbox@bg=\box59
\tikz@tempbox=\box60
\tikz@tempbox@bg=\box61
\tikztreelevel=\count297
\tikznumberofchildren=\count298
\tikznumberofcurrentchild=\count299
\tikz@fig@count=\count300
 (/usr/share/texmf-dist/tex/generic/pgf/modules/pgfmodulematrix.code.tex
File: pgfmodulematrix.code.tex 2023-01-15 v3.1.10 (3.1.10)
\pgfmatrixcurrentrow=\count301
\pgfmatrixcurrentcolumn=\count302
\pgf@matrix@numberofcolumns=\count303
)
\tikz@expandcount=\count304
 (/usr/share/texmf-dist/tex/generic/pgf/frontendlayer/tikz/libraries/tikzlibrarytopaths.code.tex
File: tikzlibrarytopaths.code.tex 2023-01-15 v3.1.10 (3.1.10)
))) (/usr/share/texmf-dist/tex/latex/pdfpages/pdfpages.sty
Package: pdfpages 2024/01/21 v0.5y Insert pages of external PDF documents (AM)
 (/usr/share/texmf-dist/tex/latex/base/ifthen.sty
Package: ifthen 2022/04/13 v1.1d Standard LaTeX ifthen package (DPC)
) (/usr/share/texmf-dist/tex/latex/tools/calc.sty
Package: calc 2023/07/08 v4.3 Infix arithmetic (KKT,FJ)
\calc@Acount=\count305
\calc@Bcount=\count306
\calc@Adimen=\dimen265
\calc@Bdimen=\dimen266
\calc@Askip=\skip51
\calc@Bskip=\skip52
LaTeX Info: Redefining \setlength on input line 80.
LaTeX Info: Redefining \addtolength on input line 81.
\calc@Ccount=\count307
\calc@Cskip=\skip53
) (/usr/share/texmf-dist/tex/latex/eso-pic/eso-pic.sty
Package: eso-pic 2023/05/03 v3.0c eso-pic (RN)
\ESO@tempdima=\dimen267
\ESO@tempdimb=\dimen268
)
\AM@pagewidth=\dimen269
\AM@pageheight=\dimen270
\AM@fboxrule=\dimen271
 (/usr/share/texmf-dist/tex/latex/pdfpages/pppdftex.def
File: pppdftex.def 2024/01/21 v0.5y Pdfpages driver for pdfTeX (AM)
)
\pdfpages@includegraphics@status=\count308
\AM@pagebox=\box62
\AM@global@opts=\toks31
\AM@pagecnt=\count309
\AM@toc@title=\toks32
\AM@lof@heading=\toks33
\c@AM@survey=\count310
\AM@templatesizebox=\box63
) (/usr/share/texmf-dist/tex/latex/amsmath/amsmath.sty
Package: amsmath 2023/05/13 v2.17o AMS math features
\@mathmargin=\skip54

For additional information on amsmath, use the `?' option.
(/usr/share/texmf-dist/tex/latex/amsmath/amstext.sty
Package: amstext 2021/08/26 v2.01 AMS text
 (/usr/share/texmf-dist/tex/latex/amsmath/amsgen.sty
File: amsgen.sty 1999/11/30 v2.0 generic functions
\@emptytoks=\toks34
\ex@=\dimen272
)) (/usr/share/texmf-dist/tex/latex/amsmath/amsbsy.sty
Package: amsbsy 1999/11/29 v1.2d Bold Symbols
\pmbraise@=\dimen273
) (/usr/share/texmf-dist/tex/latex/amsmath/amsopn.sty
Package: amsopn 2022/04/08 v2.04 operator names
)
\inf@bad=\count311
LaTeX Info: Redefining \frac on input line 234.
\uproot@=\count312
\leftroot@=\count313
LaTeX Info: Redefining \overline on input line 399.
LaTeX Info: Redefining \colon on input line 410.
\classnum@=\count314
\DOTSCASE@=\count315
LaTeX Info: Redefining \ldots on input line 496.
LaTeX Info: Redefining \dots on input line 499.
LaTeX Info: Redefining \cdots on input line 620.
\Mathstrutbox@=\box64
\strutbox@=\box65
LaTeX Info: Redefining \big on input line 722.
LaTeX Info: Redefining \Big on input line 723.
LaTeX Info: Redefining \bigg on input line 724.
LaTeX Info: Redefining \Bigg on input line 725.
\big@size=\dimen274
LaTeX Font Info:    Redeclaring font encoding OML on input line 743.
LaTeX Font Info:    Redeclaring font encoding OMS on input line 744.
\macc@depth=\count316
LaTeX Info: Redefining \bmod on input line 905.
LaTeX Info: Redefining \pmod on input line 910.
LaTeX Info: Redefining \smash on input line 940.
LaTeX Info: Redefining \relbar on input line 970.
LaTeX Info: Redefining \Relbar on input line 971.
\c@MaxMatrixCols=\count317
\dotsspace@=\muskip17
\c@parentequation=\count318
\dspbrk@lvl=\count319
\tag@help=\toks35
\row@=\count320
\column@=\count321
\maxfields@=\count322
\andhelp@=\toks36
\eqnshift@=\dimen275
\alignsep@=\dimen276
\tagshift@=\dimen277
\tagwidth@=\dimen278
\totwidth@=\dimen279
\lineht@=\dimen280
\@envbody=\toks37
\multlinegap=\skip55
\multlinetaggap=\skip56
\mathdisplay@stack=\toks38
LaTeX Info: Redefining \[ on input line 2953.
LaTeX Info: Redefining \] on input line 2954.
) (/usr/share/texmf-dist/tex/latex/listings/listings.sty
\lst@mode=\count323
\lst@gtempboxa=\box66
\lst@token=\toks39
\lst@length=\count324
\lst@currlwidth=\dimen281
\lst@column=\count325
\lst@pos=\count326
\lst@lostspace=\dimen282
\lst@width=\dimen283
\lst@newlines=\count327
\lst@lineno=\count328
\lst@maxwidth=\dimen284
 (/usr/share/texmf-dist/tex/latex/listings/lstpatch.sty
File: lstpatch.sty 2024/02/21 1.10 (Carsten Heinz)
) (/usr/share/texmf-dist/tex/latex/listings/lstmisc.sty
File: lstmisc.sty 2024/02/21 1.10 (Carsten Heinz)
\c@lstnumber=\count329
\lst@skipnumbers=\count330
\lst@framebox=\box67
) (/usr/share/texmf-dist/tex/latex/listings/listings.cfg
File: listings.cfg 2024/02/21 1.10 listings configuration
))
Package: listings 2024/02/21 1.10 (Carsten Heinz)
 (/usr/share/texmf-dist/tex/latex/listings/lstlang1.sty
File: lstlang1.sty 2024/02/21 1.10 listings language file
) (/usr/share/texmf-dist/tex/latex/listings/lstlang1.sty
File: lstlang1.sty 2024/02/21 1.10 listings language file
) (/usr/share/texmf-dist/tex/latex/base/inputenc.sty
Package: inputenc 2021/02/14 v1.3d Input encoding file
\inpenc@prehook=\toks40
\inpenc@posthook=\toks41
) (/usr/share/texmf-dist/tex/latex/l3backend/l3backend-pdftex.def
File: l3backend-pdftex.def 2024-02-20 L3 backend support: PDF output (pdfTeX)
\l__color_backend_stack_int=\count331
\l__pdf_internal_box=\box68
)

LaTeX Warning: Unused global option(s):
    [30pt].

(./main.aux (./Chapitre1.aux) (./Chapitre2.aux) (./Chapitre3.aux) (./Chapitre4.aux) (./Chapitre5.aux) (./Chapitre6.aux) (./Chapitre7.aux))
\openout1 = `main.aux'.

LaTeX Font Info:    Checking defaults for OML/cmm/m/it on input line 52.
LaTeX Font Info:    ... okay on input line 52.
LaTeX Font Info:    Checking defaults for OMS/cmsy/m/n on input line 52.
LaTeX Font Info:    ... okay on input line 52.
LaTeX Font Info:    Checking defaults for OT1/cmr/m/n on input line 52.
LaTeX Font Info:    ... okay on input line 52.
LaTeX Font Info:    Checking defaults for T1/cmr/m/n on input line 52.
LaTeX Font Info:    ... okay on input line 52.
LaTeX Font Info:    Checking defaults for TS1/cmr/m/n on input line 52.
LaTeX Font Info:    ... okay on input line 52.
LaTeX Font Info:    Checking defaults for OMX/cmex/m/n on input line 52.
LaTeX Font Info:    ... okay on input line 52.
LaTeX Font Info:    Checking defaults for U/cmr/m/n on input line 52.
LaTeX Font Info:    ... okay on input line 52.
LaTeX Font Info:    Checking defaults for PD1/pdf/m/n on input line 52.
LaTeX Font Info:    ... okay on input line 52.
LaTeX Font Info:    Checking defaults for PU/pdf/m/n on input line 52.
LaTeX Font Info:    ... okay on input line 52.
LaTeX Info: Redefining \degres on input line 52.
LaTeX Info: Redefining \up on input line 52.


Package french.ldf Warning: OT1 encoding should not be used for French.
(french.ldf)                Add \usepackage[T1]{fontenc} to the preamble
(french.ldf)                of your document; reported on input line 52.

Package hyperref Info: Link coloring OFF on input line 52.
(./main.out) (./main.out)
\@outlinefile=\write4
\openout4 = `main.out'.

 (/usr/share/texmf-dist/tex/context/base/mkii/supp-pdf.mkii
[Loading MPS to PDF converter (version 2006.09.02).]
\scratchcounter=\count332
\scratchdimen=\dimen285
\scratchbox=\box69
\nofMPsegments=\count333
\nofMParguments=\count334
\everyMPshowfont=\toks42
\MPscratchCnt=\count335
\MPscratchDim=\dimen286
\MPnumerator=\count336
\makeMPintoPDFobject=\count337
\everyMPtoPDFconversion=\toks43
) (/usr/share/texmf-dist/tex/latex/epstopdf-pkg/epstopdf-base.sty
Package: epstopdf-base 2020-01-24 v2.11 Base part for package epstopdf
 (/usr/share/texmf-dist/tex/latex/grfext/grfext.sty
Package: grfext 2019/12/03 v1.3 Manage graphics extensions (HO)
)
Package epstopdf-base Info: Redefining graphics rule for `.eps' on input line 485.
Package grfext Info: Graphics extension search list:
(grfext)             [.pdf,.png,.jpg,.mps,.jpeg,.jbig2,.jb2,.PDF,.PNG,.JPG,.JPEG,.JBIG2,.JB2,.eps]
(grfext)             \AppendGraphicsExtensions on input line 504.
 (/usr/share/texmf-dist/tex/latex/latexconfig/epstopdf-sys.cfg
File: epstopdf-sys.cfg 2010/07/13 v1.3 Configuration of (r)epstopdf for TeX Live
)) (/usr/share/texmf-dist/tex/latex/pdflscape/pdflscape.sty
Package: pdflscape 2022-10-27 v0.13 Display of landscape pages in PDF
 (/usr/share/texmf-dist/tex/latex/pdflscape/pdflscape-nometadata.sty
Package: pdflscape-nometadata 2022-10-28 v0.13 Display of landscape pages in PDF (HO)
 (/usr/share/texmf-dist/tex/latex/graphics/lscape.sty
Package: lscape 2020/05/28 v3.02 Landscape Pages (DPC)
)
Package pdflscape Info: Auto-detected driver: pdftex on input line 81.
))
\c@lstlisting=\count338
 [1

{/var/lib/texmf/fonts/map/pdftex/updmap/pdftex.map}] (./main.toc
Overfull \hbox (58.11145pt too wide) in paragraph at lines 2--2
 [] [][]\OT1/cmr/bx/n/14.4 Introduction : qu'est-ce que la science ^^Seconomique ?[] []  
 []


Overfull \hbox (0.87888pt too wide) in paragraph at lines 10--10
 [][] [][]\OT1/cmr/m/n/14.4 1870 - 1920 : []Les n^^Seoclassiques (mi- 
 []


Overfull \hbox (24.42023pt too wide) in paragraph at lines 13--13
 [][] [][]\OT1/cmr/m/n/14.4 1970 : Cri-tique de la vi-sion keyn^^Sesienne 
 []


Overfull \hbox (1.77722pt too wide) in paragraph at lines 14--14
 [][] [][]\OT1/cmr/m/n/14.4 1990 : []Nou-veaux keyn^^Sesiens et clas- 
 []


pdfTeX warning (ext4): destination with the same identifier (name{page.1}) has been already used, duplicate ignored
<to be read again> 
                   \relax 
l.20 ...rt et à long terme}{12}{subsection.2.1.4}
                                                  % [1

] [2]
Overfull \hbox (34.8704pt too wide) in paragraph at lines 53--53
 [][] [][]\OT1/cmr/m/n/14.4 Les ins-tru-ments de la po-litque mon^^Setaire 
 []


Overfull \hbox (7.64742pt too wide) in paragraph at lines 68--68
 [][] [][]\OT1/cmr/m/n/14.4 Les an-ti-ci-pa-tions ra-tion-nelles de Lu- 
 []

[3]
Overfull \hbox (10.73906pt too wide) in paragraph at lines 110--110
 [][] [][]\OT1/cmr/m/n/14.4 La courbe en-vi-ron-ne-men-tale de Kuz- 
 []

[4])
\tf@toc=\write5
\openout5 = `main.toc'.

 [5]
\openout2 = `Chapitre1.aux'.

 (./Chapitre1.tex
Chapitre 1.

Underfull \hbox (badness 10000) in paragraph at lines 3--4

 []

[6


] [7]
Overfull \hbox (10.05539pt too wide) in paragraph at lines 45--46
\OT1/cmr/bx/n/14.4 tire de sa consom-ma-tion. Rai-son-ne-ment ^^Ra la marge.
 []

[8]
Overfull \hbox (10.55368pt too wide) in paragraph at lines 54--57
\OT1/cmr/m/n/14.4 dant, apr^^Res les ann^^Sees 70, ^^Ra cause du pre-mier choc p^^Setrolier,
 []


Overfull \hbox (2.09062pt too wide) in paragraph at lines 57--57
[]\OT1/cmr/bx/n/12 1970 : Cri-tique de la vi-sion keyn^^Sesienne []Mon^^Setarisme[] 
 []

) [9]
\openout2 = `Chapitre2.aux'.

 (./Chapitre2.tex
Chapitre 2.
[10




]
<Pics/Offre_et_demande.png, id=563, 560.0925pt x 251.7405pt>
File: Pics/Offre_et_demande.png Graphic file (type png)
<use Pics/Offre_et_demande.png>
Package pdftex.def Info: Pics/Offre_et_demande.png  used on input line 7.
(pdftex.def)             Requested size: 392.06207pt x 176.21713pt.

Overfull \hbox (47.06207pt too wide) in paragraph at lines 7--8
 [] 
 []

<Pics/Courbe_de_l_offre.png, id=565, 520.94624pt x 118.041pt>
File: Pics/Courbe_de_l_offre.png Graphic file (type png)
<use Pics/Courbe_de_l_offre.png>
Package pdftex.def Info: Pics/Courbe_de_l_offre.png  used on input line 15.
(pdftex.def)             Requested size: 416.75757pt x 94.4329pt.

Overfull \hbox (71.75757pt too wide) in paragraph at lines 15--16
 [] 
 []

[11 <./Pics/Offre_et_demande.png> <./Pics/Courbe_de_l_offre.png>]

Package hyperref Warning: Token not allowed in a PDF string (Unicode):
(hyperref)                removing `math shift' on input line 18.


Package hyperref Warning: Token not allowed in a PDF string (Unicode):
(hyperref)                removing `\epsilon' on input line 18.


Package hyperref Warning: Token not allowed in a PDF string (Unicode):
(hyperref)                removing `math shift' on input line 18.

<Pics/elasticite_court_et_long_terme.png, id=572, 224.037pt x 169.23225pt>
File: Pics/elasticite_court_et_long_terme.png Graphic file (type png)
<use Pics/elasticite_court_et_long_terme.png>
Package pdftex.def Info: Pics/elasticite_court_et_long_terme.png  used on input line 33.
(pdftex.def)             Requested size: 224.03644pt x 169.23184pt.
[12 <./Pics/elasticite_court_et_long_terme.png>]
<Pics/elasticite_prix_croises.png, id=579, 323.40825pt x 157.7895pt>
File: Pics/elasticite_prix_croises.png Graphic file (type png)
<use Pics/elasticite_prix_croises.png>
Package pdftex.def Info: Pics/elasticite_prix_croises.png  used on input line 46.
(pdftex.def)             Requested size: 258.72693pt x 126.23177pt.

Overfull \hbox (5.88914pt too wide) in paragraph at lines 49--50
[]\OT1/cmr/m/n/14.4 C'est la me-sure de l'^^Sevolution du re-venu r^^Seel du consom-
 []

[13 <./Pics/elasticite_prix_croises.png>] [14] [15]
<Pics/dyn_concu_parfaite.png, id=601, 375.20175pt x 211.992pt>
File: Pics/dyn_concu_parfaite.png Graphic file (type png)
<use Pics/dyn_concu_parfaite.png>
Package pdftex.def Info: Pics/dyn_concu_parfaite.png  used on input line 128.
(pdftex.def)             Requested size: 300.16179pt x 169.59381pt.

Overfull \hbox (12.73889pt too wide) in paragraph at lines 146--147
\OT1/cmr/m/n/14.4 Fonction ^^Ra ren-de-ment constant (fonc-tion de Cobb-Douglas) 
 []

[16 <./Pics/dyn_concu_parfaite.png>]
<Pics/surplus_consommateur.png, id=607, 361.35pt x 197.538pt>
File: Pics/surplus_consommateur.png Graphic file (type png)
<use Pics/surplus_consommateur.png>
Package pdftex.def Info: Pics/surplus_consommateur.png  used on input line 162.
(pdftex.def)             Requested size: 289.0804pt x 158.0306pt.
 [17 <./Pics/surplus_consommateur.png>]
Overfull \hbox (4.54147pt too wide) in paragraph at lines 185--186
[]\OT1/cmr/bx/n/14.4 Bien ri-val \OT1/cmr/m/n/14.4 : deux agents ne peuvent pas en b^^Sen^^Seficier
 []

<Pics/defaillance_marche.png, id=627, 387.24675pt x 152.36925pt>
File: Pics/defaillance_marche.png Graphic file (type png)
<use Pics/defaillance_marche.png>
Package pdftex.def Info: Pics/defaillance_marche.png  used on input line 196.
(pdftex.def)             Requested size: 271.07086pt x 106.65773pt.
[18 <./Pics/defaillance_marche.png>]
Underfull \hbox (badness 10000) in paragraph at lines 218--219

 []


Underfull \hbox (badness 10000) in paragraph at lines 219--220

 []

[19]
<Pics/Inefficience_monopole.png, id=645, 558.888pt x 193.32225pt>
File: Pics/Inefficience_monopole.png Graphic file (type png)
<use Pics/Inefficience_monopole.png>
Package pdftex.def Info: Pics/Inefficience_monopole.png  used on input line 255.
(pdftex.def)             Requested size: 391.21893pt x 135.32465pt.

Overfull \hbox (46.21893pt too wide) in paragraph at lines 255--256
 [] 
 []

[20 <./Pics/Inefficience_monopole.png>]
Overfull \hbox (9.50146pt too wide) in paragraph at lines 259--260
\OT1/cmr/m/n/14.4 r^^Sealit^^Se. En efft, il existe des ph^^Senom^^Renes d'in-terd^^Sependance
 []


Underfull \hbox (badness 10000) in paragraph at lines 259--260

 []


Overfull \hbox (22.64766pt too wide) in paragraph at lines 261--263
[][]\OT1/cmr/bx/n/14.4 Oligopole[] \OT1/cmr/m/n/14.4 : nombre li-mit^^Se de grandes en-tre-prises r^^Sealisant
 []


Underfull \hbox (badness 10000) in paragraph at lines 261--263

 []


Underfull \hbox (badness 10000) in paragraph at lines 264--265

 []


Underfull \hbox (badness 10000) in paragraph at lines 265--266

 []

[21]
Overfull \hbox (8.51398pt too wide) in paragraph at lines 270--272
[]\OT1/cmr/bx/n/12 Les en-tre-prises chois-sisent si-mul-tann^^Sement leurs start^^Segies 
 []


Underfull \hbox (badness 10000) in paragraph at lines 270--272

 []

<Pics/Duopole_cournot.png, id=655, 395.67825pt x 185.493pt>
File: Pics/Duopole_cournot.png Graphic file (type png)
<use Pics/Duopole_cournot.png>
Package pdftex.def Info: Pics/Duopole_cournot.png  used on input line 304.
(pdftex.def)             Requested size: 276.97289pt x 129.84421pt.
[22 <./Pics/Duopole_cournot.png>]
Overfull \hbox (13.30635pt too wide) in paragraph at lines 331--332
\OT1/cmr/bx/n/14.4 L'^^Sequilibre de Ber-trand m^^Rene au m^eme r^^Sesultat
 []

[23]
Underfull \hbox (badness 10000) in paragraph at lines 335--336

 []

[24] [25]
Underfull \hbox (badness 10000) in paragraph at lines 404--405

 []

<Pics/Matrice_des_decisions.png, id=674, 428.19975pt x 173.448pt>
File: Pics/Matrice_des_decisions.png Graphic file (type png)
<use Pics/Matrice_des_decisions.png>
Package pdftex.def Info: Pics/Matrice_des_decisions.png  used on input line 408.
(pdftex.def)             Requested size: 385.3762pt x 156.10175pt.

Overfull \hbox (40.3762pt too wide) in paragraph at lines 408--409
 [] 
 []

) [26 <./Pics/Matrice_des_decisions.png>]
\openout2 = `Chapitre3.aux'.

 (./Chapitre3.tex
Chapitre 3.

Overfull \hbox (19.20844pt too wide) in paragraph at lines 4--7
[]\OT1/cmr/m/n/14.4 La mon-naie est la li-qui-dit^^Se par ex-cel-lence[] : elle est n^^Segociable
 []


Overfull \hbox (11.6839pt too wide) in paragraph at lines 4--7
[]\OT1/cmr/m/n/14.4 La mon-naie est un ac-tif fi-nan-cier non r^^Semun^^Ser^^Se (en g^^Sen^^Seral)
 []


Underfull \hbox (badness 10000) in paragraph at lines 4--7

 []

[27




]
Underfull \hbox (badness 10000) in paragraph at lines 24--25

 []

[28]
Overfull \hbox (30.5999pt too wide) in paragraph at lines 52--53
[]\OT1/cmr/m/n/14.4 Vision op-pos^^See ^^Ra Keynes (re-venu cou-rant). Les mon^^Setaristes
 []

<Pics/Theorie_revenu_permanent.png, id=689, 540.21825pt x 301.125pt>
File: Pics/Theorie_revenu_permanent.png Graphic file (type png)
<use Pics/Theorie_revenu_permanent.png>
Package pdftex.def Info: Pics/Theorie_revenu_permanent.png  used on input line 56.
(pdftex.def)             Requested size: 270.10846pt x 150.56212pt.
<Pics/Pret_et_fond_de_depot.png, id=690, 498.06075pt x 320.397pt>
File: Pics/Pret_et_fond_de_depot.png Graphic file (type png)
<use Pics/Pret_et_fond_de_depot.png>
Package pdftex.def Info: Pics/Pret_et_fond_de_depot.png  used on input line 61.
(pdftex.def)             Requested size: 373.54463pt x 240.29715pt.

Overfull \hbox (28.54463pt too wide) in paragraph at lines 61--62
 [] 
 []

[29 <./Pics/Theorie_revenu_permanent.png>] [30 <./Pics/Pret_et_fond_de_depot.png>] [31]
Overfull \hbox (21.21277pt too wide) in paragraph at lines 99--100
[][]\OT1/cmr/m/n/14.4 Refinancement par la banque cen-trale (IM-POR-TANT)[] :
 []


Overfull \hbox (19.83383pt too wide) in paragraph at lines 104--105
[][]\OT1/cmr/m/n/14.4 Les op^^Serations d'open mar-ket[] : pi-lotent le taux d'int^^Ser^et
 []


Overfull \hbox (2.52237pt too wide) in paragraph at lines 110--111
[][]\OT1/cmr/m/n/14.4 Les r^^Seserves obli-ga-toires[] : sta-bi-lisent le taux d'int^^Ser^et
 []

[32]
<Pics/Financement_economie.png, id=717, 407.72325pt x 137.313pt>
File: Pics/Financement_economie.png Graphic file (type png)
<use Pics/Financement_economie.png>
Package pdftex.def Info: Pics/Financement_economie.png  used on input line 115.
(pdftex.def)             Requested size: 326.17903pt x 109.85054pt.

Overfull \hbox (14.11093pt too wide) in paragraph at lines 120--122
\OT1/cmr/m/n/14.4 Le fi-nan-ce-ment passe obli-ga-toi-re-ment par les banques :
 []


Overfull \hbox (10.59068pt too wide) in paragraph at lines 122--124
[][]\OT1/cmr/m/n/14.4 Economie des march^^Ses fi-nan-ciers[] : agents qui d^^Segagent
 []

[33 <./Pics/Financement_economie.png>]
Overfull \hbox (20.83234pt too wide) in paragraph at lines 127--134
\OT1/cmr/m/n/14.4 donc \OT1/cmr/bx/n/14.4 in-fla-tion-niste\OT1/cmr/m/n/14.4 . En 1973, avec le pre-mier choc p^^Setrolier,
 []


Overfull \hbox (20.34024pt too wide) in paragraph at lines 127--134
\OT1/cmr/m/n/14.4 A par-tir de 1973 : d^^Set^^Serioration ra-pide des soldes budj^^Setaires. 
 []

[34]
Overfull \hbox (6.64964pt too wide) in paragraph at lines 138--139
[][]\OT1/cmr/m/n/14.4 March^^Se fi-nan-cier[] : offre et de-mande sur le long terme[][][] 
 []


Overfull \hbox (17.28557pt too wide) in paragraph at lines 139--140
[][]\OT1/cmr/m/n/14.4 Les ac-tions[] : Les d^^Setenteurs d'ac-tions sont pro-pri^^Setaires
 []

) [35]
\openout2 = `Chapitre4.aux'.

 (./Chapitre4.tex
Chapitre 4.

Underfull \hbox (badness 10000) in paragraph at lines 3--4

 []

[36




] [37]
Overfull \hbox (39.94542pt too wide) in paragraph at lines 73--74
[]\OT1/cmr/m/n/14.4 N^^Segativement du taux d'int^^Ser^et : \OT1/cmr/bx/n/14.4 mo-tif de sp^^Seculation 
 []

[38]
<Pics/Courbe_IS.png, id=751, 631.35875pt x 365.365pt>
File: Pics/Courbe_IS.png Graphic file (type png)
<use Pics/Courbe_IS.png>
Package pdftex.def Info: Pics/Courbe_IS.png  used on input line 84.
(pdftex.def)             Requested size: 347.24838pt x 200.95137pt.

Overfull \hbox (2.24838pt too wide) in paragraph at lines 84--85
[][] 
 []

<Pics/Courbe_LM.png, id=752, 585.18625pt x 341.275pt>
File: Pics/Courbe_LM.png Graphic file (type png)
<use Pics/Courbe_LM.png>
Package pdftex.def Info: Pics/Courbe_LM.png  used on input line 88.
(pdftex.def)             Requested size: 351.11446pt x 204.76657pt.

Overfull \hbox (6.11446pt too wide) in paragraph at lines 88--89
[][] 
 []

[39 <./Pics/Courbe_IS.png (PNG copy)> <./Pics/Courbe_LM.png (PNG copy)>]
<Pics/Eq_IS_IM.png, id=760, 789.95125pt x 489.83pt>
File: Pics/Eq_IS_IM.png Graphic file (type png)
<use Pics/Eq_IS_IM.png>
Package pdftex.def Info: Pics/Eq_IS_IM.png  used on input line 96.
(pdftex.def)             Requested size: 236.9872pt x 146.95012pt.
<Pics/Politque_expansioniste.png, id=761, 881.2925pt x 453.695pt>
File: Pics/Politque_expansioniste.png Graphic file (type png)
<use Pics/Politque_expansioniste.png>
Package pdftex.def Info: Pics/Politque_expansioniste.png  used on input line 103.
(pdftex.def)             Requested size: 176.25537pt x 90.73738pt.
<Pics/Politique_budjetaire_restrictive.png, id=762, 903.375pt x 450.68375pt>
File: Pics/Politique_budjetaire_restrictive.png Graphic file (type png)
<use Pics/Politique_budjetaire_restrictive.png>
Package pdftex.def Info: Pics/Politique_budjetaire_restrictive.png  used on input line 104.
(pdftex.def)             Requested size: 180.6718pt x 90.13515pt.

Overfull \hbox (35.9272pt too wide) in paragraph at lines 102--107
 [][] 
 []

[40 <./Pics/Eq_IS_IM.png (PNG copy)> <./Pics/Politque_expansioniste.png (PNG copy)> <./Pics/Politique_budjetaire_restrictive.png (PNG copy)>]
<Pics/Carre_magique.png, id=769, 670.505pt x 431.6125pt>
File: Pics/Carre_magique.png Graphic file (type png)
<use Pics/Carre_magique.png>
Package pdftex.def Info: Pics/Carre_magique.png  used on input line 115.
(pdftex.def)             Requested size: 335.25168pt x 215.80571pt.
 [41 <./Pics/Carre_magique.png (PNG copy)>]
Overfull \hbox (73.12094pt too wide) in paragraph at lines 123--126
[]\OT1/cmr/bx/n/14.4 Fonction d'offre \OT1/cmr/m/n/14.4 : [] 
 []


Overfull \hbox (38.21866pt too wide) in paragraph at lines 132--135
[]\OT1/cmr/bx/n/14.4 Relation in-fla-tion / ch^omage \OT1/cmr/m/n/14.4 : [] 
 []

[42]
<Pics/Solow_Samuelson.png, id=784, 999.735pt x 368.37625pt>
File: Pics/Solow_Samuelson.png Graphic file (type png)
<use Pics/Solow_Samuelson.png>
Package pdftex.def Info: Pics/Solow_Samuelson.png  used on input line 174.
(pdftex.def)             Requested size: 399.88692pt x 147.34789pt.

Overfull \hbox (54.88692pt too wide) in paragraph at lines 174--175
[][] 
 []

[43 <./Pics/Solow_Samuelson.png (PNG copy)>]
<Pics/Critique_Friedman.png, id=790, 751.80875pt x 421.575pt>
File: Pics/Critique_Friedman.png Graphic file (type png)
<use Pics/Critique_Friedman.png>
Package pdftex.def Info: Pics/Critique_Friedman.png  used on input line 179.
(pdftex.def)             Requested size: 300.71817pt x 168.627pt.

Overfull \hbox (5.22237pt too wide) in paragraph at lines 181--182
[]\OT1/cmr/m/n/14.4 Lors d'une re-lance budj^^Setaire, les in-di-vi-dus sont pouss^^Ses
 []

[44 <./Pics/Critique_Friedman.png (PNG copy)>]
<Pics/anticipation_rationnelle_philips.png, id=797, 462.72874pt x 332.24126pt>
File: Pics/anticipation_rationnelle_philips.png Graphic file (type png)
<use Pics/anticipation_rationnelle_philips.png>
Package pdftex.def Info: Pics/anticipation_rationnelle_philips.png  used on input line 187.
(pdftex.def)             Requested size: 231.3638pt x 166.12021pt.

Underfull \hbox (badness 10000) in paragraph at lines 198--199

 []


Underfull \hbox (badness 10000) in paragraph at lines 200--201

 []

[45 <./Pics/anticipation_rationnelle_philips.png (PNG copy)>]
Underfull \hbox (badness 10000) in paragraph at lines 229--230

 []

[46]
Underfull \hbox (badness 10000) in paragraph at lines 236--238

 []


Overfull \hbox (2.90569pt too wide) in paragraph at lines 239--240
\OT1/cmr/m/n/14.4 des Etats-Unis ou le ch^omage est plut^ot d'ori-gine conjonc-
 []

[47]
Underfull \hbox (badness 10000) in paragraph at lines 256--257

 []

) [48]
\openout2 = `Chapitre5.aux'.

 (./Chapitre5.tex
Chapitre 5.
[49




]
Underfull \hbox (badness 10000) in paragraph at lines 16--18

 []


Overfull \hbox (5.26057pt too wide) in paragraph at lines 27--28
\OT1/cmr/m/n/14.4 L'objectif est d'at-teindre un libre ^^Sechange sans contraintes
 []

[50]
Overfull \hbox (15.16591pt too wide) in paragraph at lines 42--43
[]\OT1/cmr/m/n/14.4 Autorisation des ac-cords de libre-^^Sechange et des unions
 []


Underfull \hbox (badness 10000) in paragraph at lines 49--50

 []

[51]
Underfull \hbox (badness 10000) in paragraph at lines 57--58

 []


Underfull \hbox (badness 10000) in paragraph at lines 60--61

 []


Underfull \hbox (badness 10000) in paragraph at lines 62--64

 []


Underfull \hbox (badness 10000) in paragraph at lines 65--66

 []

[52]
Underfull \hbox (badness 10000) in paragraph at lines 80--81

 []


Underfull \hbox (badness 10000) in paragraph at lines 88--89

 []

[53]
Overfull \hbox (21.64087pt too wide) in paragraph at lines 94--95
[]\OT1/cmr/m/n/14.4 Th^^Seorie de Lassudrie-Duch^ene \OT1/cmr/bx/n/14.4 la de-mande de vari^^Set^^Se 
 []


Overfull \hbox (8.78432pt too wide) in paragraph at lines 104--105
[]\OT1/cmr/m/n/14.4 Le com-merce intra-branche s'ex-plique par la de-mande
 []


Overfull \hbox (35.07965pt too wide) in paragraph at lines 110--112
[]\OT1/cmr/bx/n/14.4 Doctrine ^^Seconomique qui vise ^^Ra li-mi-ter aux ^^Setrangers
 []

[54]) [55]
\openout2 = `Chapitre6.aux'.

 (./Chapitre6.tex
Chapitre 6.
[56




]
Overfull \hbox (3.6144pt too wide) in paragraph at lines 25--26
[]\OT1/cmr/m/n/14.4 Pr^^Res de 3 mil-liards d'^etres hu-mains vivent avec moins
 []

[57]
Overfull \hbox (26.06038pt too wide) in paragraph at lines 32--34
\OT1/cmr/m/n/14.4 ^^Senorme gr^ace aux nou-velles tech-no-lo-gies comme par exemple :
 []

[58]
<Pics/innovation_enseingment_sup.png, id=906, 881.2925pt x 501.875pt>
File: Pics/innovation_enseingment_sup.png Graphic file (type png)
<use Pics/innovation_enseingment_sup.png>
Package pdftex.def Info: Pics/innovation_enseingment_sup.png  used on input line 48.
(pdftex.def)             Requested size: 264.38979pt x 150.56366pt.

Overfull \hbox (16.51802pt too wide) in paragraph at lines 50--50
[][]\OT1/cmr/bx/n/14.4 Economie de l'en-vi-ron-ne-ment et des res-sources
 []

<Pics/courbe_environnementale_de_Kuznets.png, id=907, 861.2175pt x 490.83376pt>
File: Pics/courbe_environnementale_de_Kuznets.png Graphic file (type png)
<use Pics/courbe_environnementale_de_Kuznets.png>
Package pdftex.def Info: Pics/courbe_environnementale_de_Kuznets.png  used on input line 54.
(pdftex.def)             Requested size: 258.36723pt x 147.25125pt.
) [59 <./Pics/innovation_enseingment_sup.png (PNG copy)> <./Pics/courbe_environnementale_de_Kuznets.png (PNG copy)>]
\openout2 = `Chapitre7.aux'.

 (./Chapitre7.tex
Chapitre 7.

Overfull \hbox (1.81134pt too wide) in paragraph at lines 2--2
[]\OT1/cmr/bx/n/14.4 Les iden-tit^^Ses comp-tables en ^^Seconomie ferm^^See 
 []

[60




]
Overfull \hbox (10.8169pt too wide) in paragraph at lines 36--37
[]\OT1/cmr/m/n/14.4 Si $(\OML/cmm/m/it/14.4 I \OT1/cmr/m/n/14.4 + \OML/cmm/m/it/14.4 G\OT1/cmr/m/n/14.4 ) = \OML/cmm/m/it/14.4 S$ \OT1/cmr/m/n/14.4 : ^^Sequilibre de fi-nan-ce-ment de l'^^Seconomie 
 []


Underfull \hbox (badness 10000) in paragraph at lines 40--41

 []

[61]
Underfull \hbox (badness 10000) in paragraph at lines 55--56

 []


Overfull \hbox (0.44252pt too wide) in paragraph at lines 57--58
[]\OT1/cmr/m/n/14.4 L'^^Seconomie ou-verte consid^^Rere le com-merce in-ter-na-tion-
 []

[62]
Overfull \hbox (18.34239pt too wide) in paragraph at lines 71--72
[]\OT1/cmr/m/n/14.4 Par conven-tion comp-table, les frais de sco-la-rit^^Se rentrent
 []

) [63] (./main.aux (./Chapitre1.aux) (./Chapitre2.aux) (./Chapitre3.aux) (./Chapitre4.aux) (./Chapitre5.aux) (./Chapitre6.aux) (./Chapitre7.aux))
 ***********
LaTeX2e <2023-11-01> patch level 1
L3 programming layer <2024-02-20>
 ***********
Package rerunfilecheck Info: File `main.out' has not changed.
(rerunfilecheck)             Checksum: 72406B1EA795036EBA7C0428ED4821D1;20171.
 )
(\end occurred inside a group at level 1)

### simple group (level 1) entered at line 404 ({)
### bottom level 
Here is how much of TeX's memory you used:
 24358 strings out of 474116
 444995 string characters out of 5750249
 1938187 words of memory out of 5000000
 46066 multiletter control sequences out of 15000+600000
 567791 words of font info for 70 fonts, out of 8000000 for 9000
 1141 hyphenation exceptions out of 8191
 84i,13n,87p,692b,728s stack positions out of 10000i,1000n,20000p,200000b,200000s
</usr/share/texmf-dist/fonts/type1/public/amsfonts/cm/cmbx10.pfb></usr/share/texmf-dist/fonts/type1/public/amsfonts/cm/cmbx12.pfb></usr/share/texmf-dist/fonts/type1/public/amsfonts/cm/cmbx8.pfb></usr/share/texmf-dist/fonts/type1/public/amsfonts/cm/cmcsc10.pfb></usr/share/texmf-dist/fonts/type1/public/amsfonts/cm/cmex10.pfb></usr/share/texmf-dist/fonts/type1/public/amsfonts/cm/cmmi10.pfb></usr/share/texmf-dist/fonts/type1/public/amsfonts/cm/cmmi12.pfb></usr/share/texmf-dist/fonts/type1/public/amsfonts/cm/cmmi5.pfb></usr/share/texmf-dist/fonts/type1/public/amsfonts/cm/cmmi6.pfb></usr/share/texmf-dist/fonts/type1/public/amsfonts/cm/cmmi7.pfb></usr/share/texmf-dist/fonts/type1/public/amsfonts/cm/cmmi8.pfb></usr/share/texmf-dist/fonts/type1/public/amsfonts/cm/cmr10.pfb></usr/share/texmf-dist/fonts/type1/public/amsfonts/cm/cmr12.pfb></usr/share/texmf-dist/fonts/type1/public/amsfonts/cm/cmr17.pfb></usr/share/texmf-dist/fonts/type1/public/amsfonts/cm/cmr6.pfb></usr/share/texmf-dist/fonts/type1/public/amsfonts/cm/cmr7.pfb></usr/share/texmf-dist/fonts/type1/public/amsfonts/cm/cmr8.pfb></usr/share/texmf-dist/fonts/type1/public/amsfonts/cm/cmsy10.pfb></usr/share/texmf-dist/fonts/type1/public/amsfonts/cm/cmsy7.pfb></usr/share/texmf-dist/fonts/type1/public/amsfonts/cm/cmsy8.pfb>
Output written on main.pdf (64 pages, 1790986 bytes).
PDF statistics:
 1071 PDF objects out of 1200 (max. 8388607)
 918 compressed objects within 10 object streams
 222 named destinations out of 1000 (max. 500000)
 909 words of extra memory for PDF output out of 10000 (max. 10000000)

