\BOOKMARK [0][-]{chapter.1}{\376\377\000I\000n\000t\000r\000o\000d\000u\000c\000t\000i\000o\000n\000\040\000:\000\040\000q\000u\000'\000e\000s\000t\000-\000c\000e\000\040\000q\000u\000e\000\040\000l\000a\000\040\000s\000c\000i\000e\000n\000c\000e\000\040\000\351\000c\000o\000n\000o\000m\000i\000q\000u\000e\000\040\000?}{}% 1
\BOOKMARK [1][-]{section.1.1}{\376\377\000D\000\351\000f\000i\000n\000i\000t\000i\000o\000n}{chapter.1}% 2
\BOOKMARK [1][-]{section.1.2}{\376\377\000E\000c\000o\000n\000o\000m\000i\000e\000\040\000p\000o\000s\000i\000t\000i\000v\000e\000\040\000v\000s\000\040\000n\000o\000r\000m\000a\000t\000i\000v\000e}{chapter.1}% 3
\BOOKMARK [1][-]{section.1.3}{\376\377\000M\000a\000c\000r\000o\000\040\000e\000t\000\040\000m\000i\000c\000r\000o\000\040\000\351\000c\000o\000n\000o\000m\000i\000e}{chapter.1}% 4
\BOOKMARK [1][-]{section.1.4}{\376\377\000A\000n\000a\000l\000y\000s\000e\000\040\000c\000o\000n\000j\000o\000n\000t\000u\000r\000e\000l\000l\000e\000\040\000e\000t\000\040\000s\000t\000r\000u\000c\000t\000u\000r\000e\000l\000l\000e}{chapter.1}% 5
\BOOKMARK [1][-]{section.1.5}{\376\377\000l\000'\000\351\000c\000o\000n\000o\000m\000i\000e\000\040\000e\000s\000t\000-\000e\000l\000l\000e\000\040\000u\000n\000e\000\040\000s\000c\000i\000e\000n\000c\000e\000\040\000?}{chapter.1}% 6
\BOOKMARK [1][-]{section.1.6}{\376\377\000h\000i\000s\000t\000o\000i\000r\000e\000\040\000d\000e\000\040\000l\000'\000\351\000c\000o\000n\000o\000m\000i\000e}{chapter.1}% 7
\BOOKMARK [2][-]{subsection.1.6.1}{\376\377\0001\0007\0007\0006\000\040\000-\000\040\0001\0008\0007\0000\000\040\000:\000\040\000L\000e\000s\000\040\000c\000l\000a\000s\000s\000i\000q\000u\000e\000s}{section.1.6}% 8
\BOOKMARK [2][-]{subsection.1.6.2}{\376\377\0001\0008\0007\0000\000\040\000-\000\040\0001\0009\0002\0000\000\040\000:\000\040\000L\000e\000s\000\040\000n\000\351\000o\000c\000l\000a\000s\000s\000i\000q\000u\000e\000s\000\040\000\050\000m\000i\000c\000r\000o\000\051}{section.1.6}% 9
\BOOKMARK [2][-]{subsection.1.6.3}{\376\377\0001\0009\0003\0000\000\040\000:\000\040\000K\000e\000y\000n\000e\000s\000\040\000\050\000m\000a\000c\000r\000o\000\051}{section.1.6}% 10
\BOOKMARK [2][-]{subsection.1.6.4}{\376\377\0001\0009\0004\0000\000\040\000-\000\040\0001\0009\0007\0000\000\040\000:\000\040\000S\000y\000n\000t\000h\000\350\000s\000e\000\040\000n\000\351\000o\000c\000l\000a\000s\000s\000i\000q\000u\000e}{section.1.6}% 11
\BOOKMARK [2][-]{subsection.1.6.5}{\376\377\0001\0009\0007\0000\000\040\000:\000\040\000C\000r\000i\000t\000i\000q\000u\000e\000\040\000d\000e\000\040\000l\000a\000\040\000v\000i\000s\000i\000o\000n\000\040\000k\000e\000y\000n\000\351\000s\000i\000e\000n\000n\000e\000\040\000M\000o\000n\000\351\000t\000a\000r\000i\000s\000m\000e}{section.1.6}% 12
\BOOKMARK [2][-]{subsection.1.6.6}{\376\377\0001\0009\0009\0000\000\040\000:\000\040\000N\000o\000u\000v\000e\000a\000u\000x\000\040\000k\000e\000y\000n\000\351\000s\000i\000e\000n\000s\000\040\000e\000t\000\040\000c\000l\000a\000s\000s\000i\000q\000u\000e\000s}{section.1.6}% 13
\BOOKMARK [0][-]{chapter.2}{\376\377\000M\000a\000r\000c\000h\000\351\000s\000\040\000e\000t\000\040\000r\000\351\000g\000u\000l\000a\000t\000i\000o\000n\000s}{}% 14
\BOOKMARK [1][-]{section.2.1}{\376\377\000L\000a\000\040\000c\000o\000n\000c\000u\000r\000r\000e\000n\000c\000e\000\040\000e\000n\000\040\000E\000u\000r\000o\000p\000e}{chapter.2}% 15
\BOOKMARK [2][-]{subsection.2.1.1}{\376\377\000L\000o\000i\000\040\000d\000e\000\040\000l\000'\000o\000f\000f\000r\000e\000\040\000e\000t\000\040\000l\000a\000\040\000d\000e\000m\000a\000n\000d\000e}{section.2.1}% 16
\BOOKMARK [2][-]{subsection.2.1.2}{\376\377\000C\000o\000u\000r\000b\000e\000\040\000d\000e\000\040\000l\000'\000o\000f\000f\000r\000e\000\040\000e\000n\000\040\000s\000i\000t\000u\000a\000t\000i\000o\000n\000\040\000d\000e\000\040\000c\000o\000n\000c\000u\000r\000r\000e\000n\000c\000e}{section.2.1}% 17
\BOOKMARK [2][-]{subsection.2.1.3}{\376\377\000E\000l\000a\000s\000t\000i\000c\000i\000t\000\351\000-\000p\000r\000i\000x\000\040\000\040\000d\000e\000\040\000l\000a\000\040\000d\000e\000m\000a\000n\000d\000e}{section.2.1}% 18
\BOOKMARK [2][-]{subsection.2.1.4}{\376\377\000E\000l\000a\000s\000t\000i\000c\000i\000t\000\351\000\040\000\340\000\040\000c\000o\000u\000r\000t\000\040\000e\000t\000\040\000\340\000\040\000l\000o\000n\000g\000\040\000t\000e\000r\000m\000e}{section.2.1}% 19
\BOOKMARK [2][-]{subsection.2.1.5}{\376\377\000E\000l\000a\000s\000t\000i\000c\000i\000t\000\351\000\040\000d\000e\000s\000\040\000p\000r\000i\000x\000\040\000c\000r\000o\000i\000s\000\351\000s\000\040\000d\000e\000\040\000l\000a\000\040\000d\000e\000m\000a\000n\000d\000e}{section.2.1}% 20
\BOOKMARK [2][-]{subsection.2.1.6}{\376\377\000E\000l\000a\000s\000t\000i\000c\000i\000t\000\351\000\040\000r\000e\000v\000e\000n\000u\000\040\000d\000e\000\040\000l\000a\000\040\000d\000e\000m\000a\000n\000d\000e}{section.2.1}% 21
\BOOKMARK [1][-]{section.2.2}{\376\377\000L\000a\000\040\000t\000e\000c\000h\000n\000o\000l\000o\000g\000i\000e\000\040\000d\000e\000\040\000l\000'\000e\000n\000t\000r\000e\000p\000r\000i\000s\000e}{chapter.2}% 22
\BOOKMARK [1][-]{section.2.3}{\376\377\000C\000o\000n\000c\000u\000r\000r\000e\000n\000c\000e\000\040\000p\000a\000r\000f\000a\000i\000t\000e}{chapter.2}% 23
\BOOKMARK [2][-]{subsection.2.3.1}{\376\377\000D\000y\000n\000a\000m\000i\000q\000u\000e\000\040\000d\000e\000\040\000l\000a\000\040\000c\000o\000n\000c\000u\000r\000r\000e\000n\000c\000e\000\040\000p\000a\000r\000f\000a\000i\000t\000e}{section.2.3}% 24
\BOOKMARK [2][-]{subsection.2.3.2}{\376\377\000S\000u\000r\000p\000l\000u\000s\000\040\000d\000u\000\040\000c\000o\000n\000s\000o\000m\000m\000a\000t\000e\000u\000r}{section.2.3}% 25
\BOOKMARK [1][-]{section.2.4}{\376\377\000L\000e\000s\000\040\000d\000\351\000f\000a\000i\000l\000l\000a\000n\000c\000e\000s\000\040\000d\000u\000\040\000m\000a\000r\000c\000h\000\351}{chapter.2}% 26
\BOOKMARK [2][-]{subsection.2.4.1}{\376\377\000B\000i\000e\000n\000s\000\040\000\351\000c\000o\000n\000o\000m\000i\000q\000u\000e\000s}{section.2.4}% 27
\BOOKMARK [2][-]{subsection.2.4.2}{\376\377\000E\000x\000t\000e\000r\000n\000a\000l\000i\000t\000\351}{section.2.4}% 28
\BOOKMARK [1][-]{section.2.5}{\376\377\000L\000e\000\040\000m\000o\000n\000o\000p\000o\000l\000e}{chapter.2}% 29
\BOOKMARK [2][-]{subsection.2.5.1}{\376\377\000C\000o\000m\000p\000o\000r\000t\000e\000m\000e\000n\000t\000\040\000d\000e\000\040\000l\000'\000e\000n\000t\000r\000e\000p\000r\000i\000s\000e}{section.2.5}% 30
\BOOKMARK [2][-]{subsection.2.5.2}{\376\377\000L\000'\000i\000n\000e\000f\000f\000i\000c\000i\000e\000n\000c\000e\000\040\000d\000u\000\040\000m\000o\000n\000o\000p\000o\000l\000e}{section.2.5}% 31
\BOOKMARK [1][-]{section.2.6}{\376\377\000L\000e\000s\000\040\000i\000n\000t\000e\000r\000r\000a\000c\000t\000i\000o\000n\000s\000\040\000s\000t\000r\000a\000t\000\351\000g\000i\000q\000u\000e\000s\000\040\000\050\000e\000n\000t\000e\000n\000t\000e\000s\000\051}{chapter.2}% 32
\BOOKMARK [2][-]{subsection.2.6.1}{\376\377\000D\000u\000o\000p\000o\000l\000e\000\040\000d\000e\000\040\000C\000o\000u\000r\000n\000o\000t}{section.2.6}% 33
\BOOKMARK [2][-]{subsection.2.6.2}{\376\377\000D\000u\000o\000p\000o\000l\000e\000\040\000d\000e\000\040\000B\000e\000r\000t\000r\000a\000n\000d}{section.2.6}% 34
\BOOKMARK [2][-]{subsection.2.6.3}{\376\377\000D\000u\000o\000p\000o\000l\000e\000\040\000d\000e\000\040\000S\000t\000a\000c\000k\000e\000l\000b\000e\000r\000g}{section.2.6}% 35
\BOOKMARK [2][-]{subsection.2.6.4}{\376\377\000E\000n\000t\000e\000n\000t\000e\000\040\000c\000o\000l\000l\000u\000s\000i\000v\000e\000\040\000o\000u\000\040\000c\000a\000r\000t\000e\000l}{section.2.6}% 36
\BOOKMARK [0][-]{chapter.3}{\376\377\000F\000i\000n\000a\000n\000c\000e\000m\000e\000n\000t\000\040\000e\000t\000\040\000r\000\364\000l\000e\000\040\000d\000e\000\040\000l\000a\000\040\000m\000o\000n\000n\000a\000i\000e}{}% 37
\BOOKMARK [1][-]{section.3.1}{\376\377\000D\000\351\000f\000i\000n\000i\000t\000i\000o\000n\000s}{chapter.3}% 38
\BOOKMARK [2][-]{subsection.3.1.1}{\376\377\000L\000e\000s\000\040\000c\000a\000r\000a\000c\000t\000\351\000r\000i\000s\000t\000i\000q\000u\000e\000s\000\040\000d\000e\000\040\000l\000a\000\040\000m\000o\000n\000n\000a\000i\000e}{section.3.1}% 39
\BOOKMARK [2][-]{subsection.3.1.2}{\376\377\000L\000e\000s\000\040\000f\000o\000n\000c\000t\000i\000o\000n\000s\000\040\000d\000e\000\040\000l\000a\000\040\000m\000o\000n\000n\000a\000i\000e}{section.3.1}% 40
\BOOKMARK [1][-]{section.3.2}{\376\377\000L\000e\000s\000\040\000\351\000c\000o\000l\000e\000s\000\040\000d\000e\000\040\000p\000e\000n\000s\000\351\000e}{chapter.3}% 41
\BOOKMARK [2][-]{subsection.3.2.1}{\376\377\000R\000e\000m\000a\000r\000q\000u\000e\000s}{section.3.2}% 42
\BOOKMARK [2][-]{subsection.3.2.2}{\376\377\000T\000h\000\351\000o\000r\000i\000e\000\040\000q\000u\000a\000n\000t\000i\000t\000a\000t\000i\000v\000e\000\040\000d\000e\000\040\000l\000a\000\040\000m\000o\000n\000n\000a\000i\000e}{section.3.2}% 43
\BOOKMARK [2][-]{subsection.3.2.3}{\376\377\000F\000r\000i\000e\000d\000m\000a\000n\000\040\000e\000t\000\040\000l\000a\000\040\000v\000i\000s\000i\000o\000n\000\040\000m\000o\000n\000\351\000t\000a\000r\000i\000s\000t\000e}{section.3.2}% 44
\BOOKMARK [1][-]{section.3.3}{\376\377\000L\000a\000\040\000c\000r\000\351\000a\000t\000i\000o\000n\000\040\000m\000o\000n\000\351\000t\000a\000i\000r\000e}{chapter.3}% 45
\BOOKMARK [2][-]{subsection.3.3.1}{\376\377\000P\000r\000\352\000t\000s\000\040\000e\000t\000\040\000f\000o\000n\000t\000\040\000d\000e\000\040\000d\000\351\000p\000\364\000t}{section.3.3}% 46
\BOOKMARK [2][-]{subsection.3.3.2}{\376\377\000C\000o\000u\000v\000e\000r\000t\000u\000r\000e}{section.3.3}% 47
\BOOKMARK [2][-]{subsection.3.3.3}{\376\377\000M\000u\000l\000t\000i\000p\000l\000i\000c\000a\000t\000e\000u\000r\000\040\000d\000e\000\040\000d\000\351\000p\000\364\000t\000s}{section.3.3}% 48
\BOOKMARK [2][-]{subsection.3.3.4}{\376\377\000B\000a\000n\000q\000u\000e\000\040\000c\000e\000n\000t\000r\000a\000l\000e}{section.3.3}% 49
\BOOKMARK [2][-]{subsection.3.3.5}{\376\377\000L\000i\000q\000u\000i\000d\000i\000t\000\351\000\040\000b\000a\000n\000c\000a\000i\000r\000e}{section.3.3}% 50
\BOOKMARK [2][-]{subsection.3.3.6}{\376\377\000L\000e\000s\000\040\000i\000n\000s\000t\000r\000u\000m\000e\000n\000t\000s\000\040\000d\000e\000\040\000l\000a\000\040\000p\000o\000l\000i\000t\000q\000u\000e\000\040\000m\000o\000n\000\351\000t\000a\000i\000r\000e\000\040\000d\000e\000\040\000l\000'\000e\000u\000r\000o\000s\000y\000s\000t\000\350\000m\000e}{section.3.3}% 51
\BOOKMARK [2][-]{subsection.3.3.7}{\376\377\000L\000e\000\040\000f\000i\000n\000a\000n\000c\000e\000m\000e\000n\000t\000\040\000d\000e\000\040\000l\000'\000\351\000c\000o\000n\000o\000m\000i\000e}{section.3.3}% 52
\BOOKMARK [2][-]{subsection.3.3.8}{\376\377\000F\000o\000r\000m\000e\000s\000\040\000d\000e\000\040\000f\000i\000n\000a\000n\000c\000e\000m\000e\000n\000t}{section.3.3}% 53
\BOOKMARK [1][-]{section.3.4}{\376\377\000H\000i\000s\000t\000o\000i\000r\000e\000\040\000d\000e\000s\000\040\000f\000a\000i\000t\000s\000\040\000\351\000c\000o\000n\000o\000m\000i\000q\000u\000e\000s}{chapter.3}% 54
\BOOKMARK [2][-]{subsection.3.4.1}{\376\377\000M\000a\000r\000c\000h\000\351\000s\000\040\000c\000a\000p\000i\000t\000a\000u\000x}{section.3.4}% 55
\BOOKMARK [0][-]{chapter.4}{\376\377\000C\000o\000n\000j\000o\000n\000c\000t\000u\000r\000e\000\040\000e\000t\000\040\000\351\000c\000o\000n\000o\000m\000i\000e\000\040\000p\000o\000l\000i\000t\000i\000q\000u\000e}{}% 56
\BOOKMARK [1][-]{section.4.1}{\376\377\000L\000e\000s\000\040\000f\000a\000i\000t\000s\000\040\000e\000m\000p\000i\000r\000i\000q\000u\000e\000s}{chapter.4}% 57
\BOOKMARK [1][-]{section.4.2}{\376\377\000L\000e\000\040\000m\000o\000d\000\350\000l\000e\000\040\000I\000S\000-\000L\000M}{chapter.4}% 58
\BOOKMARK [2][-]{subsection.4.2.1}{\376\377\000M\000o\000d\000\350\000l\000e\000\040\000I\000S\000\040\000-\000\040\000M\000a\000r\000c\000h\000\351\000\040\000d\000e\000s\000\040\000b\000i\000e\000n\000s\000\040\000e\000t\000\040\000s\000e\000r\000v\000i\000c\000e\000s}{section.4.2}% 59
\BOOKMARK [2][-]{subsection.4.2.2}{\376\377\000M\000o\000d\000\350\000l\000e\000\040\000L\000M\000\040\000-\000\040\000M\000a\000r\000c\000h\000\351\000\040\000d\000e\000\040\000l\000a\000\040\000m\000o\000n\000n\000a\000i\000e}{section.4.2}% 60
\BOOKMARK [2][-]{subsection.4.2.3}{\376\377\000E\000q\000u\000i\000l\000i\000b\000r\000e\000\040\000I\000S\000\040\000-\000\040\000L\000M}{section.4.2}% 61
\BOOKMARK [1][-]{section.4.3}{\376\377\000L\000a\000\040\000c\000r\000i\000t\000i\000q\000u\000e\000\040\000d\000e\000\040\000l\000a\000\040\000c\000o\000u\000r\000b\000e\000\040\000d\000e\000\040\000P\000h\000i\000l\000i\000p\000s}{chapter.4}% 62
\BOOKMARK [2][-]{subsection.4.3.1}{\376\377\000P\000r\000i\000n\000c\000i\000p\000e\000\040\000d\000\040\000e\000l\000a\000\040\000c\000o\000u\000r\000b\000e\000\040\000d\000e\000\040\000P\000h\000i\000l\000i\000p\000s}{section.4.3}% 63
\BOOKMARK [2][-]{subsection.4.3.2}{\376\377\000S\000o\000l\000o\000w\000-\000S\000a\000m\000u\000e\000l\000s\000o\000n}{section.4.3}% 64
\BOOKMARK [2][-]{subsection.4.3.3}{\376\377\000L\000a\000\040\000c\000r\000i\000t\000i\000q\000u\000e\000\040\000d\000e\000\040\000F\000r\000i\000e\000d\000m\000a\000n}{section.4.3}% 65
\BOOKMARK [2][-]{subsection.4.3.4}{\376\377\000L\000e\000s\000\040\000a\000n\000t\000i\000c\000i\000p\000a\000t\000i\000o\000n\000s\000\040\000r\000a\000t\000i\000o\000n\000n\000e\000l\000l\000e\000s\000\040\000d\000e\000\040\000L\000u\000c\000a\000s}{section.4.3}% 66
\BOOKMARK [1][-]{section.4.4}{\376\377\000L\000e\000\040\000c\000h\000\364\000m\000a\000g\000e}{chapter.4}% 67
\BOOKMARK [2][-]{subsection.4.4.1}{\376\377\000D\000\351\000f\000i\000n\000i\000t\000i\000o\000n}{section.4.4}% 68
\BOOKMARK [2][-]{subsection.4.4.2}{\376\377\000A\000u\000t\000r\000e\000s\000\040\000D\000\351\000f\000i\000n\000i\000t\000i\000o\000n\000s}{section.4.4}% 69
\BOOKMARK [2][-]{subsection.4.4.3}{\376\377\000C\000h\000\364\000m\000a\000g\000e\000\040\000s\000t\000r\000u\000c\000t\000u\000r\000e\000l}{section.4.4}% 70
\BOOKMARK [2][-]{subsection.4.4.4}{\376\377\000C\000h\000\364\000m\000a\000g\000e\000\040\000c\000o\000n\000j\000o\000n\000c\000t\000u\000r\000e\000l}{section.4.4}% 71
\BOOKMARK [0][-]{chapter.5}{\376\377\000E\000c\000o\000n\000o\000m\000i\000e\000\040\000i\000n\000t\000e\000r\000n\000a\000t\000i\000o\000n\000n\000a\000l\000e\000\040\000e\000t\000\040\000g\000l\000o\000b\000a\000l\000i\000s\000a\000t\000i\000o\000n}{}% 72
\BOOKMARK [1][-]{section.5.1}{\376\377\000C\000o\000m\000m\000e\000r\000c\000e\000\040\000i\000n\000t\000e\000r\000n\000a\000t\000i\000o\000n\000n\000a\000l}{chapter.5}% 73
\BOOKMARK [2][-]{subsection.5.1.1}{\376\377\000F\000a\000i\000t\000s\000\040\000e\000m\000p\000i\000r\000i\000q\000u\000e\000s}{section.5.1}% 74
\BOOKMARK [2][-]{subsection.5.1.2}{\376\377\000L\000'\000o\000r\000g\000a\000n\000i\000s\000a\000t\000i\000o\000n\000\040\000m\000o\000n\000d\000i\000a\000l\000e\000\040\000d\000u\000\040\000c\000o\000m\000m\000e\000r\000c\000e}{section.5.1}% 75
\BOOKMARK [2][-]{subsection.5.1.3}{\376\377\000T\000h\000\351\000o\000r\000i\000e\000s\000\040\000e\000x\000p\000l\000i\000c\000a\000t\000i\000v\000e\000s}{section.5.1}% 76
\BOOKMARK [1][-]{section.5.2}{\376\377\000F\000i\000n\000a\000n\000c\000e\000\040\000i\000n\000t\000e\000r\000n\000a\000t\000i\000o\000n\000n\000a\000l\000e\000\040\000:\000\040\000l\000e\000s\000\040\000\351\000c\000h\000a\000n\000g\000e\000s\000\040\000d\000e\000\040\000c\000a\000p\000i\000t\000a\000u\000x}{chapter.5}% 77
\BOOKMARK [2][-]{subsection.5.2.1}{\376\377\000L\000a\000\040\000b\000a\000l\000a\000n\000c\000e\000\040\000d\000e\000s\000\040\000p\000a\000i\000e\000m\000e\000n\000t\000s}{section.5.2}% 78
\BOOKMARK [0][-]{chapter.6}{\376\377\000C\000r\000o\000i\000s\000s\000a\000n\000c\000e\000\040\000e\000t\000\040\000e\000n\000v\000i\000r\000o\000n\000n\000e\000m\000e\000n\000t}{}% 79
\BOOKMARK [1][-]{section.6.1}{\376\377\000L\000a\000\040\000c\000r\000o\000i\000s\000s\000a\000n\000c\000e\000\040\000e\000t\000\040\000l\000'\000e\000n\000v\000i\000r\000o\000n\000n\000e\000m\000e\000n\000t}{chapter.6}% 80
\BOOKMARK [2][-]{subsection.6.1.1}{\376\377\000L\000e\000s\000\040\0003\000\040\000p\000i\000l\000i\000e\000r\000s\000\040\000d\000d\000e\000\040\000l\000a\000\040\000c\000r\000o\000i\000s\000s\000a\000n\000c\000e}{section.6.1}% 81
\BOOKMARK [2][-]{subsection.6.1.2}{\376\377\000L\000e\000s\000\040\000c\000o\000n\000s\000\351\000q\000u\000e\000n\000c\000e\000s\000\040\000d\000e\000\040\000l\000a\000\040\000c\000r\000o\000i\000s\000s\000a\000n\000c\000e}{section.6.1}% 82
\BOOKMARK [1][-]{section.6.2}{\376\377\000F\000a\000i\000t\000s\000\040\000s\000t\000y\000l\000i\000s\000\351\000s}{chapter.6}% 83
\BOOKMARK [1][-]{section.6.3}{\376\377\000L\000e\000s\000\040\000n\000o\000u\000v\000e\000l\000l\000e\000s\000\040\000t\000h\000\351\000o\000r\000i\000e\000s\000\040\000d\000e\000\040\000l\000a\000\040\000c\000r\000o\000i\000s\000s\000a\000n\000c\000e}{chapter.6}% 84
\BOOKMARK [2][-]{subsection.6.3.1}{\376\377\000L\000a\000\040\000n\000o\000u\000v\000e\000l\000l\000e\000\040\000\351\000c\000o\000n\000o\000m\000i\000e\000\040\000\046\000\040\000P\000a\000u\000l\000\040\000R\000o\000m\000e\000r}{section.6.3}% 85
\BOOKMARK [2][-]{subsection.6.3.2}{\376\377\000O\000b\000j\000e\000c\000t\000i\000f\000s\000\040\000E\000u\000r\000o\000p\000\351\000e\000n\000s\000\040\000d\000e\000\040\000L\000i\000s\000b\000o\000n\000n\000e\000\040\000\050\000m\000a\000r\000s\000\040\0002\0000\0000\0000\000\051}{section.6.3}% 86
\BOOKMARK [2][-]{subsection.6.3.3}{\376\377\000O\000b\000j\000e\000c\000t\000i\000f\000s\000\040\000E\000u\000r\000o\000p\000\351\000e\000n\000s\000\040\000d\000e\000\040\000B\000a\000r\000c\000e\000l\000o\000n\000e\000\040\000\050\000m\000a\000r\000s\000\040\0002\0000\0000\0002\000\051}{section.6.3}% 87
\BOOKMARK [1][-]{section.6.4}{\376\377\000E\000d\000u\000c\000a\000t\000i\000o\000n\000\040\000e\000t\000\040\000i\000n\000n\000o\000v\000a\000t\000i\000o\000n}{chapter.6}% 88
\BOOKMARK [2][-]{subsection.6.4.1}{\376\377\000E\000d\000u\000c\000a\000t\000i\000o\000n\000\040\000e\000t\000\040\000c\000r\000o\000i\000s\000s\000a\000n\000c\000e}{section.6.4}% 89
\BOOKMARK [1][-]{section.6.5}{\376\377\000\311\000c\000o\000n\000o\000m\000i\000e\000\040\000d\000e\000\040\000l\040\031\000e\000n\000v\000i\000r\000o\000n\000n\000e\000m\000e\000n\000t\000\040\000e\000t\000\040\000d\000e\000s\000\040\000r\000e\000s\000s\000o\000u\000r\000c\000e\000s\000\040\000n\000a\000t\000u\000r\000e\000l\000l\000e\000s}{chapter.6}% 90
\BOOKMARK [2][-]{subsection.6.5.1}{\376\377\000L\000a\000\040\000c\000o\000u\000r\000b\000e\000\040\000e\000n\000v\000i\000r\000o\000n\000n\000e\000m\000e\000n\000t\000a\000l\000e\000\040\000d\000e\000\040\000K\000u\000z\000n\000e\000t\000s}{section.6.5}% 91
\BOOKMARK [0][-]{chapter.7}{\376\377\000C\000o\000m\000p\000t\000a\000b\000i\000l\000i\000t\000\351\000\040\000n\000a\000t\000i\000o\000n\000n\000a\000l\000e}{}% 92
\BOOKMARK [1][-]{section.7.1}{\376\377\000L\000e\000s\000\040\000i\000d\000e\000n\000t\000i\000t\000\351\000s\000\040\000c\000o\000m\000p\000t\000a\000b\000l\000e\000s\000\040\000e\000n\000\040\000\351\000c\000o\000n\000o\000m\000i\000e\000\040\000f\000e\000r\000m\000\351\000e}{chapter.7}% 93
\BOOKMARK [1][-]{section.7.2}{\376\377\000I\000n\000t\000e\000r\000p\000r\000\351\000t\000a\000t\000i\000o\000n}{chapter.7}% 94
\BOOKMARK [1][-]{section.7.3}{\376\377\000C\000o\000n\000s\000\351\000q\000u\000e\000n\000c\000e\000s}{chapter.7}% 95
\BOOKMARK [1][-]{section.7.4}{\376\377\000L\000e\000s\000\040\000i\000d\000e\000n\000t\000i\000t\000\351\000s\000\040\000c\000o\000m\000p\000t\000a\000b\000l\000e\000s\000\040\000e\000n\000\040\000\351\000c\000o\000n\000o\000m\000i\000e\000\040\000o\000u\000v\000e\000r\000t\000e}{chapter.7}% 96
\BOOKMARK [1][-]{section.7.5}{\376\377\000R\000e\000m\000a\000r\000q\000u\000e\000s\000\040\000l\000i\000\351\000e\000s\000\040\000a\000u\000\040\000T\000D}{chapter.7}% 97
