\BOOKMARK [0][-]{chapter.1}{\376\377\000L\000e\000s\000\040\000n\000o\000r\000m\000e\000s\000\040\000e\000t\000\040\000l\000e\000\040\000r\000a\000i\000s\000o\000n\000n\000e\000m\000e\000n\000t\000\040\000j\000u\000r\000i\000d\000i\000q\000u\000e}{}% 1
\BOOKMARK [1][-]{section.1.1}{\376\377\000H\000i\000\351\000r\000a\000r\000c\000h\000i\000e\000\040\000d\000e\000s\000\040\000n\000o\000r\000m\000e\000s}{chapter.1}% 2
\BOOKMARK [2][-]{subsection.1.1.1}{\376\377\000D\000\351\000f\000i\000n\000i\000t\000i\000o\000n}{section.1.1}% 3
\BOOKMARK [1][-]{section.1.2}{\376\377\000L\000e\000s\000\040\000n\000o\000r\000m\000e\000s}{chapter.1}% 4
\BOOKMARK [2][-]{subsection.1.2.1}{\376\377\000B\000l\000o\000c\000\040\000c\000o\000n\000s\000t\000i\000t\000u\000t\000i\000o\000n\000n\000e\000l}{section.1.2}% 5
\BOOKMARK [2][-]{subsection.1.2.2}{\376\377\000B\000l\000o\000c\000\040\000c\000o\000n\000v\000e\000n\000t\000i\000o\000n\000n\000e\000l}{section.1.2}% 6
\BOOKMARK [2][-]{subsection.1.2.3}{\376\377\000B\000l\000o\000c}{section.1.2}% 7
\BOOKMARK [0][-]{chapter.2}{\376\377\000A\000n\000n\000e\000x\000e\000\040\000s\000u\000r\000\040\000l\000e\000s\000\040\000i\000n\000s\000t\000i\000t\000u\000t\000i\000o\000n\000s\000\040\000d\000e\000\040\000l\000'\000U\000E\000\040\000e\000t\000\040\000s\000e\000s\000\040\000p\000r\000i\000n\000c\000i\000p\000e\000s}{}% 8
\BOOKMARK [1][-]{section.2.1}{\376\377\000L\000'\000U\000E\000\040\000e\000t\000\040\000s\000e\000s\000\040\000i\000n\000s\000t\000i\000t\000u\000t\000i\000o\000n\000s}{chapter.2}% 9
\BOOKMARK [1][-]{section.2.2}{\376\377\000P\000r\000i\000n\000c\000i\000p\000e\000\040\000d\000e\000\040\000s\000u\000b\000s\000i\000d\000i\000a\000r\000i\000t\000\351}{chapter.2}% 10
\BOOKMARK [1][-]{section.2.3}{\376\377\000C\000o\000m\000p\000\351\000t\000e\000n\000c\000e\000s\000\040\000p\000a\000r\000t\000a\000g\000\351\000e\000s}{chapter.2}% 11
\BOOKMARK [1][-]{section.2.4}{\376\377\000P\000r\000i\000n\000c\000i\000p\000e\000\040\000d\000e\000\040\000s\000o\000l\000i\000d\000a\000r\000i\000t\000\351}{chapter.2}% 12
\BOOKMARK [1][-]{section.2.5}{\376\377\000E\000x\000e\000m\000p\000l\000e\000\040\000:\000\040\000L\000a\000\040\000c\000o\000n\000c\000u\000r\000r\000e\000n\000c\000e\000\040\000d\000u\000\040\000s\000e\000c\000t\000e\000u\000r\000\040\000d\000e\000\040\000l\000'\000\351\000l\000e\000c\000t\000r\000i\000c\000i\000t\000\351\000\040\000e\000n\000\040\000E\000u\000r\000o\000p\000e}{chapter.2}% 13
\BOOKMARK [2][-]{subsection.2.5.1}{\376\377\000O\000u\000v\000e\000r\000t\000u\000r\000e\000\040\000\340\000\040\000l\000a\000\040\000c\000o\000n\000c\000u\000r\000r\000e\000n\000c\000e}{section.2.5}% 14
\BOOKMARK [2][-]{subsection.2.5.2}{\376\377\000L\000e\000\040\000d\000\351\000v\000e\000l\000o\000p\000p\000e\000m\000e\000n\000t\000\040\000d\000e\000s\000\040\000E\000n\000R}{section.2.5}% 15
\BOOKMARK [2][-]{subsection.2.5.3}{\376\377\000L\000'\000\351\000f\000f\000i\000c\000a\000c\000i\000t\000\351\000\040\000\351\000n\000e\000r\000g\000\351\000t\000i\000q\000u\000e}{section.2.5}% 16
\BOOKMARK [2][-]{subsection.2.5.4}{\376\377\000L\000u\000t\000t\000e\000\040\000c\000o\000n\000t\000r\000e\000\040\000l\000e\000s\000\040\000G\000E\000S}{section.2.5}% 17
\BOOKMARK [1][-]{section.2.6}{\376\377\000U\000n\000\040\000d\000\351\000c\000o\000u\000p\000a\000g\000e\000\040\000e\000n\000\040\0004\000\040\000p\000a\000r\000t\000i\000e\000s}{chapter.2}% 18
\BOOKMARK [1][-]{section.2.7}{\376\377\000D\000i\000f\000f\000\351\000r\000e\000n\000c\000e\000\040\000e\000n\000t\000r\000e\000\040\000l\000o\000i\000\040\000e\000t\000\040\000r\000\351\000g\000l\000e\000m\000e\000n\000t}{chapter.2}% 19
\BOOKMARK [2][-]{subsection.2.7.1}{\376\377\000N\000a\000t\000u\000r\000e}{section.2.7}% 20
\BOOKMARK [2][-]{subsection.2.7.2}{\376\377\000P\000r\000o\000c\000e\000s\000s\000u\000s\000\040\000d\000'\000\351\000l\000a\000b\000o\000r\000a\000t\000i\000o\000n}{section.2.7}% 21
\BOOKMARK [2][-]{subsection.2.7.3}{\376\377\000P\000o\000r\000t\000\351\000e}{section.2.7}% 22
