\BOOKMARK [0][-]{chapter.1}{\376\377\000P\000r\000e\000s\000e\000n\000t\000e}{}% 1
\BOOKMARK [1][-]{section.1.1}{\376\377\000T\000e\000m\000p\000s\000\040\000e\000t\000\040\000u\000t\000i\000l\000i\000s\000a\000t\000i\000o\000n\000s}{chapter.1}% 2
\BOOKMARK [1][-]{section.1.2}{\376\377\000P\000r\000e\000s\000e\000n\000t\000e\000\040\000d\000e\000\040\000i\000n\000d\000i\000c\000a\000t\000i\000v\000o\000\040\000-\000\040\000p\000r\000\351\000s\000e\000n\000t\000\040\000d\000e\000\040\000l\000'\000i\000n\000d\000i\000c\000a\000t\000i\000f}{chapter.1}% 3
\BOOKMARK [2][-]{subsection.1.2.1}{\376\377\000V\000e\000r\000b\000e\000s\000\040\000r\000\351\000g\000u\000l\000i\000e\000r\000s}{section.1.2}% 4
\BOOKMARK [2][-]{subsection.1.2.2}{\376\377\000V\000e\000r\000b\000e\000s\000\040\000i\000r\000r\000\351\000g\000u\000l\000i\000e\000r\000s}{section.1.2}% 5
\BOOKMARK [2][-]{subsection.1.2.3}{\376\377\000E\000x\000e\000p\000t\000i\000o\000n\000s\000\040\000p\000o\000u\000r\000\040\000l\000a\000\040\000p\000r\000e\000m\000i\000\350\000r\000e\000\040\000p\000e\000r\000s\000o\000n\000n\000e\000\040\000d\000u\000\040\000s\000i\000n\000g\000u\000l\000i\000e\000r}{section.1.2}% 6
\BOOKMARK [1][-]{section.1.3}{\376\377\000P\000r\000e\000s\000e\000n\000t\000e\000\040\000d\000e\000\040\000s\000u\000b\000j\000o\000n\000c\000t\000i\000v\000o\000\040\000-\000\040\000S\000u\000b\000j\000o\000n\000c\000t\000i\000f\000\040\000p\000r\000\351\000s\000e\000n\000t}{chapter.1}% 7
\BOOKMARK [0][-]{chapter.2}{\376\377\000P\000a\000s\000s\000a\000d\000o}{}% 8
\BOOKMARK [1][-]{section.2.1}{\376\377\000T\000e\000m\000p\000s\000\040\000e\000t\000\040\000u\000t\000i\000l\000i\000s\000a\000t\000i\000o\000n\000s}{chapter.2}% 9
\BOOKMARK [1][-]{section.2.2}{\376\377\000P\000r\000\351\000t\000\351\000r\000i\000t\000o\000\040\000i\000n\000d\000e\000f\000i\000n\000i\000d\000o\000\040\000-\000\040\000P\000a\000s\000s\000\351\000\040\000s\000i\000m\000p\000l\000e\000\040\000\050\000p\000r\000\351\000t\000\351\000r\000i\000t\000\051\000\040\000*}{chapter.2}% 10
\BOOKMARK [2][-]{subsection.2.2.1}{\376\377\000V\000e\000r\000b\000e\000s\000\040\000r\000\351\000g\000u\000l\000i\000e\000r\000s}{section.2.2}% 11
\BOOKMARK [2][-]{subsection.2.2.2}{\376\377\000V\000e\000r\000b\000e\000s\000\040\000i\000r\000r\000\351\000g\000u\000l\000i\000e\000r\000s}{section.2.2}% 12
\BOOKMARK [1][-]{section.2.3}{\376\377\000P\000r\000\351\000t\000e\000r\000i\000t\000o\000\040\000i\000m\000p\000e\000r\000f\000e\000c\000t\000o\000\040\000-\000\040\000I\000m\000p\000a\000r\000f\000a\000i\000t}{chapter.2}% 13
\BOOKMARK [2][-]{subsection.2.3.1}{\376\377\000V\000e\000r\000b\000e\000s\000\040\000r\000\351\000g\000u\000l\000i\000e\000r\000s}{section.2.3}% 14
\BOOKMARK [2][-]{subsection.2.3.2}{\376\377\000V\000e\000r\000b\000e\000s\000\040\000i\000r\000r\000\351\000g\000u\000l\000i\000e\000r\000s}{section.2.3}% 15
\BOOKMARK [1][-]{section.2.4}{\376\377\000P\000r\000\351\000t\000\351\000r\000i\000t\000o\000\040\000p\000e\000r\000f\000e\000c\000t\000o\000\040\000-\000\040\000P\000a\000s\000s\000\351\000\040\000c\000o\000m\000p\000o\000s\000\351}{chapter.2}% 16
\BOOKMARK [2][-]{subsection.2.4.1}{\376\377\000V\000e\000r\000b\000e\000s\000\040\000r\000\351\000g\000u\000l\000i\000e\000r\000s}{section.2.4}% 17
\BOOKMARK [1][-]{section.2.5}{\376\377\000V\000e\000r\000b\000e\000s\000\040\000i\000r\000r\000\351\000g\000u\000l\000i\000e\000r\000s}{chapter.2}% 18
\BOOKMARK [1][-]{section.2.6}{\376\377\000P\000l\000u\000c\000u\000a\000m\000p\000e\000r\000f\000e\000c\000t\000o\000\040\000-\000\040\000P\000l\000u\000s\000-\000q\000u\000e\000-\000p\000a\000r\000f\000a\000i\000t}{chapter.2}% 19
\BOOKMARK [1][-]{section.2.7}{\376\377\000P\000a\000s\000s\000\351\000\040\000p\000r\000o\000g\000r\000e\000s\000s\000i\000f}{chapter.2}% 20
\BOOKMARK [1][-]{section.2.8}{\376\377\000S\000u\000b\000j\000o\000n\000c\000t\000i\000f\000\040\000p\000a\000s\000s\000\351}{chapter.2}% 21
\BOOKMARK [1][-]{section.2.9}{\376\377\000I\000m\000p\000e\000r\000f\000e\000c\000t\000o\000\040\000d\000e\000\040\000s\000u\000b\000j\000o\000n\000c\000t\000i\000v\000o\000\040\000-\000\040\000I\000m\000p\000a\000r\000f\000a\000i\000t\000\040\000d\000u\000\040\000S\000u\000b\000j\000o\000n\000c\000t\000i\000f}{chapter.2}% 22
\BOOKMARK [1][-]{section.2.10}{\376\377\000P\000l\000u\000c\000u\000a\000m\000p\000e\000r\000f\000e\000c\000t\000o\000\040\000d\000e\000\040\000s\000u\000b\000j\000o\000n\000c\000t\000i\000v\000o\000\040\000-\000\040\000P\000l\000u\000s\000-\000q\000u\000e\000-\000p\000a\000r\000f\000a\000i\000t\000\040\000d\000u\000\040\000S\000u\000b\000j\000o\000n\000c\000t\000i\000f}{chapter.2}% 23
\BOOKMARK [0][-]{chapter.3}{\376\377\000F\000u\000t\000u\000r\000o}{}% 24
\BOOKMARK [1][-]{section.3.1}{\376\377\000F\000u\000t\000u\000r\000o\000\040\000i\000n\000d\000i\000c\000a\000t\000i\000v\000o\000\040\000-\000\040\000F\000u\000t\000u\000r\000\040\000d\000e\000\040\000l\000'\000i\000n\000d\000i\000c\000a\000t\000i\000f}{chapter.3}% 25
\BOOKMARK [2][-]{subsection.3.1.1}{\376\377\000V\000e\000r\000b\000e\000s\000\040\000r\000\351\000g\000u\000l\000i\000e\000r\000s}{section.3.1}% 26
\BOOKMARK [2][-]{subsection.3.1.2}{\376\377\000V\000e\000r\000b\000e\000s\000\040\000i\000r\000r\000\351\000g\000u\000l\000i\000e\000r\000s}{section.3.1}% 27
\BOOKMARK [0][-]{chapter.4}{\376\377\000V\000o\000c\000a\000b\000u\000l\000a\000r\000i\000o}{}% 28
\BOOKMARK [1][-]{section.4.1}{\376\377\000N\000u\000m\000e\000r\000o}{chapter.4}% 29
\BOOKMARK [1][-]{section.4.2}{\376\377\000V\000e\000r\000b\000o\000s}{chapter.4}% 30
